Read /train/neg
Read /train/pos
Read /test/neg
Read /test/pos
Train instance num: 25000
Epoch 0 Train Loss(Normalized): 0.6704819007795684 Validation Loss(Normalized): 0.6860351610183716
Epoch 1 Train Loss(Normalized): 0.6828062430936463 Validation Loss(Normalized): 0.6813626098632812
Epoch 2 Train Loss(Normalized): 0.6827332176724259 Validation Loss(Normalized): 0.6931688666343689
Epoch 3 Train Loss(Normalized): 0.6916923875711403 Validation Loss(Normalized): 0.6877089357376098
Epoch 4 Train Loss(Normalized): 0.6837620236435715 Validation Loss(Normalized): 0.6819180989265442
Epoch 5 Train Loss(Normalized): 0.667860787741992 Validation Loss(Normalized): 0.6733745002746582
Epoch 6 Train Loss(Normalized): 0.6462113534917637 Validation Loss(Normalized): 0.6509266066551208
Epoch 7 Train Loss(Normalized): 0.618543380377244 Validation Loss(Normalized): 0.6552473926544189
Epoch 8 Train Loss(Normalized): 0.668915223710391 Validation Loss(Normalized): 0.6671627950668335
Epoch 9 Train Loss(Normalized): 0.6323440245219639 Validation Loss(Normalized): 0.6436927366256714
Epoch 10 Train Loss(Normalized): 0.6381148160720358 Validation Loss(Normalized): 0.6234365963935852
Epoch 11 Train Loss(Normalized): 0.5552864257170229 Validation Loss(Normalized): 0.5856094002723694
Epoch 12 Train Loss(Normalized): 0.5000177421131913 Validation Loss(Normalized): 0.5509268355369568
Epoch 13 Train Loss(Normalized): 0.4649627403337128 Validation Loss(Normalized): 0.5207703816890716
Epoch 14 Train Loss(Normalized): 0.44011351739873694 Validation Loss(Normalized): 0.5268254339694977
Epoch 15 Train Loss(Normalized): 0.42255344530757594 Validation Loss(Normalized): 0.5074049532413483
Epoch 16 Train Loss(Normalized): 0.42256468352006404 Validation Loss(Normalized): 0.5139234673976898
Epoch 17 Train Loss(Normalized): 0.41551107320250297 Validation Loss(Normalized): 0.5235793030261994
Epoch 18 Train Loss(Normalized): 0.3963950078706352 Validation Loss(Normalized): 0.5194497382640839
Epoch 19 Train Loss(Normalized): 0.3879674368975114 Validation Loss(Normalized): 0.5027493727207184
Epoch 20 Train Loss(Normalized): 0.3853409551844305 Validation Loss(Normalized): 0.5199529385566711
Epoch 21 Train Loss(Normalized): 0.38162433492894077 Validation Loss(Normalized): 0.5084334635734558
Epoch 22 Train Loss(Normalized): 0.37764817962841113 Validation Loss(Normalized): 0.5063119912147522
Epoch 23 Train Loss(Normalized): 0.37582312919655625 Validation Loss(Normalized): 0.5098416531085967
Epoch 24 Train Loss(Normalized): 0.3752245358666595 Validation Loss(Normalized): 0.5125606477260589
Epoch 25 Train Loss(Normalized): 0.36995980569294523 Validation Loss(Normalized): 0.5020346164703369
Epoch 26 Train Loss(Normalized): 0.37703526263334314 Validation Loss(Normalized): 0.5045404267311097
Epoch 27 Train Loss(Normalized): 0.36730154588514446 Validation Loss(Normalized): 0.5061463499069214
Epoch 28 Train Loss(Normalized): 0.36407226962702616 Validation Loss(Normalized): 0.5018958306312561
Epoch 29 Train Loss(Normalized): 0.3652193594952019 Validation Loss(Normalized): 0.5129431807994842
Predicted wrong as 0 the ['<SOR>', '1980', "'s", "'my", 'dinner', 'andre', ',', "'", 'wallace', 'shawn', 'andre', 'gregory', ',', 'essentially', 'dialog', 'world', 'affects', 'lift', 'spirit', '.', '2005', "'s", "'you", 'alone', "'", 'demonstrates', 'common', 'worldly', 'events', 'shatter', 'soul', '.', '<', 'br', '/', '>', '<', 'br', '/', '>', 'story', 'revolves', 'around', 'three', 'principal', 'characters', '.', "'s", 'daphne', ',', 'pretty', 'teenage', 'student', 'frets', 'virtually', 'every', 'decision', 'life', '.', "'s", 'prostitute', ',', 'paid', 'escort', ',', 'britney', ',', 'self-confident', 'daphne', 'self-conscious', '.', 'makes', 'interesting', 'share', 'body', ',', 'personae', '.', 'part', 'magic', 'film', 'occurs', 'one', 'early', 'scenes', 'daphne', 'approaches', 'door', 'aged', 'hotel', 'room', '.', 'halts', 'obviously', 'torn', 'decision', 'whether', 'knock', 'door', '\x96', 'britney', 'effortlessly', 'glides', 'room', 'door', 'opened.', '<', 'br', '/', '>', '<', 'br', '/', '>', 'side', 'door', 'buddy', ',', 'middle-aged', 'nobody', ',', ',', 'personal', 'qualities', 'anyone', 'would', '<EOR>']
Predicted wrong as 0 the ['<SOR>', 'got', 'movie', 'ebay', 'mainly', "'m", 'gay', 'love', 'til', 'schweiger', '.', 'however', ',', "'s", 'one', 'movies', ',', 'watch', 'second', 'time', ',', 'never', 'say', ',', '``', 'hmm', '.', 'forgot', 'boring', 'part', '.', "'ll", 'go', 'make', 'popcorn', '.', "''", "n't", 'part', '.', "'s", 'fluid', 'constantly', 'interesting', 'film', '.', ',', 'yes', ',', 'til', 'schweiger', 'worth', ',', 'nothing', 'else', '.', ',', "'s", 'great', 'movie', 'even', 'straight', 'guys', '.', '<EOR>']
Predicted wrong as 0 the ['<SOR>', 'good', '1950s', 'western', ',', 'one', 'better', 'ones', "'ve", 'seen', 'decade', 'featured', 'genre', 'screen', 'tv', '.', 'certainly', 'three', 'big', 'actors', 'marquee', ':', 'glenn', 'ford', ',', 'barbara', 'stanwyck', 'edward', 'g.', 'robinson', '.', 'turns', 'ford', 'star', 'film', 'two', 'stars', 'supporting', 'roles', '.', 'ford', 'bulk', 'dialog', '.', 'also', '``', 'good', 'guy', "''", 'robinson', '``', 'bad', 'guy', "''", 'stanwyck', 'twice', 'bad', 'robinson', '.', 'played', 'real', 'heavy', 'film', 'character', 'played', 'little', 'contradictory', 'times', '.', '<', 'br', '/', '>', '<', 'br', '/', '>', 'ford', 'handled', 'starring', 'status', 'ably', ',', 'usually', '-', 'especially', 'westerns', '.', 'played', 'nice', 'guy', "n't", 'want', 'fight', ',', 'peaceful', 'man', '......', 'pushed', '.....', 'look', '!', '<', 'br', '/', '>', '<', 'br', '/', '>', 'story', 'nice', 'mixture', 'action', 'lulls', ',', 'overdoing', 'either', '.', 'expansive', 'western', 'setting', 'put', 'good', 'use', 'cineamascope', '<EOR>']
Predicted wrong as 0 the ['<SOR>', 'excellent', 'plot', 'line', 'makes', 'movie', 'one', 'classic', ',', 'cult', 'ninja', 'flicks', 'time', '.', 'plot', 'woman', "'s", 'soul', 'possessed', 'evil', 'ninja', 'spirit', '.', 'mean', 'honest', 'could', 'obtain', 'ninja', 'ability', 'possession', 'would', '.', 'furthermore', ',', '80', "'s", 'fact', 'ninja', 'aspect', 'far', 'greater', 'particular', 'decade', 'evident', 'despite', ',', 'ninja', '3', 'domination', 'manages', 'keep', 'original', 'american', 'ninja', 'cookie', 'cutter', 'molds', 'plagued', '80', "'s", 'long', '.', 'chick', 'definitely', 'michael', 'dudikoff', 'steroids', '....', 'mean', 'first', 'american', 'ninja', 'great', 'let', "'s", 'get', 'real', 'folks', 'nothing', 'ninja', '3', '<EOR>']
Predicted wrong as 1 the ['<SOR>', 'disappointing', 'adaptation', 'james', 'lee', 'burke', 'novel', '``', 'electric', 'mist', 'confederate', 'dead', "''", '.', 'rather', 'poorly', 'acted', 'mainly', 'due', 'miscasting', 'principal', 'players', '.', 'tommy', 'lee', 'jones', ',', 'normally', 'fine', 'actor', ',', "n't", 'capture', 'burke', "'s", '``', 'dave', 'robicheaux', "''", '.', 'robicheaux', "'s", 'main', 'nemesis', ',', 'john', 'goodman', 'sloppy', 'job', '``', 'heavy', "''", '.', 'guy', 'plays', 'robicheaux', "'s", 'actor-buddy', "n't", 'look', 'like', 'former', '``', "''", 'lister', 'leading', 'man', '.', 'rest', 'movie', 'mainly', 'cast', 'no-name', 'locals', "n't", 'justice', 'big-time', 'novel.', '<', 'br', '/', '>', '<', 'br', '/', '>', 'movie', 'jones', "'", 'performance', 'way', 'hurried', 'one', 'thing', '.', 'robicheaux', 'burke', "'s", 'series', 'novels', ',', 'gives', 'one', 'feeling', 'fits', 'well', 'environment', 'time', ',', 'laid', 'back', 'slow-moving', '.', 'like', 'deep', 'south', 'southern', 'louisiana', '.', 'times', 'robicheaux', 'nearly', 'manic', 'exertions', '.', 'jones', '<EOR>']
Predicted wrong as 0 the ['<SOR>', 'okay', ',', 'sure', ',', 'movie', 'bit', 'hokey', 'side', '.', "'s", 'difficult', 'take', 'characters', 'comic', 'books', 'put', 'movies', 'credibility', '(', 'dolph', 'lundgren', 'punisher', ',', 'anyone', '?', ')', ',', 'tries', 'hard', '.', "'ve", 'never', 'read', 'actual', 'comic', 'book', ',', "n't", 'really', 'matter', ',', 'suppose', '.', 'judge', 'film', 'mainly', 'merits', ',', 'whether', 'faithful', 'retelling', 'someone', 'else', "'s", 'idea', '.', '(', 'unless', 'film', 'based', 'true', 'story', ',', 'demands', 'least', 'attempt', 'truth', 'accuracy', '.', ')', 'give', 'movie', 'fairly', 'high', 'rating', '?', 'tries', '.', 'tries', 'hard', '.', 'book', ',', 'makes', 'fair', 'attempt', 'entertaining', 'film.', '<', 'br', '/', '>', '<', 'br', '/', '>', 'many', 'films', 'made', 'vampire', 'subject', 'matter', 'main', 'focus', '.', 'seems', 'everybody', 'take', 'vampire', 'lore', ',', 'cross', ',', 'silver', ',', 'garlic', ',', 'aversion', 'sunlight', ',', 'whatever', '.', 'ideas', 'included', '.', '<EOR>']
Predicted wrong as 0 the ['<SOR>', 'dj', 'cash', 'money', '?', '?', '?', 'film', 'fails', 'part', 'covering', 'mid', 'late', '80s', '.', 'small', 'mention', 'dj', 'cheese', '86.', '<', 'br', '/', '>', '<', 'br', '/', '>', 'also', ',', "'s", 'grandmixer', '``', 'dst', "''", ',', '``', 'dxt', "''", '!', '!', '!', '!', '!', '<EOR>']
Predicted wrong as 1 the ['<SOR>', 'drug', 'runner', 'archie', 'moses', 'introduces', 'friend', 'rock', 'keats', 'boss', ',', 'drug', 'kingpin', 'frank', 'colton', '.', 'unknown', 'moses', ',', 'keats', 'actually', 'undercover', 'police', 'officer', '.', 'bust', 'colton', "'s", 'factory', ',', 'moses', 'accidentally', 'shoots', 'keats', 'head', '.', 'survives', 'wound', '&', 'later', 'arrests', 'moses', '.', 'dodging', 'colton', "'s", 'hired', 'assassins', ',', 'duo', 'must', 'overcome', 'mutual', 'hatred', 'survive.', '<', 'br', '/', '>', '<', 'br', '/', '>', 'adam', 'sandler', "'s", 'films', 'usually', 'hit-', '&', '-miss', 'affair', ',', 'comedies', 'either', 'loved', 'fans', 'hated', 'everyone', '.', 'one', 'stupid', 'films', ',', 'still', 'overcome', 'lazy', 'script', '.', 'direction', 'incredibly', 'patchy', ',', 'fast-paced', 'action', 'sequences', 'giving', 'way', 'slow', 'comic', 'exchanges', 'sandler', '&', 'damon', 'wayans', '.', 'action', 'scenes', '\x96', 'flying', 'plane', 'engines', ',', 'car', 'chase', 'night', 'forest', '\x96', 'quite', 'absurdly', 'contrived', '.', 'acting', 'standard', 'genre', ',', '<EOR>']
Predicted wrong as 0 the ['<SOR>', 'reason', 'duke', 'tops', ',', 'one', 'several', '``', 'race', 'movies', "''", 'made', 'times', 'segregation', ',', 'would', 'worth', 'noting', 'today', 'made', 'film', 'debut', '21-year-old', 'singer', 'named', 'lena', 'horne', '.', 'plays', 'ethel', 'andrews', ',', 'singer', 'leave', 'producer', 'mentor', 'duke', 'davis', '(', 'ralph', 'cooper', ')', 'order', 'branch', 'big', 'time', '.', 'davis', ',', 'however', ',', 'fake', 'taken', 'money', 'services', 'front', 'wo', "n't", 'feel', 'sorry', 'done', '.', 'teams', 'doc', 'dorando', '(', 'lawrence', 'criner', ')', 'series', 'medicine', 'shows', 'throughout', 'south', '.', 'meanwhile', ',', 'new', 'york', ',', 'new', 'producers', 'bombed', 'big', 'time', 'made', 'whole', 'show', 'instead', 'simply', 'specialty', 'act', '.', 'davis', 'finds', 'radio', 'offers', 'services', 'producer', 'band', 'leader', 'bring', 'lineup', 'specialty', 'acts', ',', 'many', 'make', 'one', 'film', 'appearances', ',', 'chance', 'big', 'time', 'ethel', 'next', '.', 'guess', 'happens', '?', 'plot', 'kind', "'ve", 'seen', 'thousands', '<EOR>']
Predicted wrong as 0 the ['<SOR>', 'okay', ',', "'ll", 'admit', "n't", 'kids', ',', 'never', 'would', 'seen', 'film', 'would', 'never', 'see', '.', ',', 'considering', 'rotten', 'kids', 'movies', 'seen', '(', 'spy', 'kids', '2', 'babe', ':', 'pig', 'city', ')', ',', 'significant', 'improvement', '.', ',', 'enough', "n't", 'totally', 'bored', 'skull', 'contemplated', 'suicide', '(', 'something', 'repeatedly', 'two', 'movies', ')', '.', 'sure', ',', 'performances', 'pretty', 'broad', 'plot', 'kinda', 'silly', '--', 'kids', 'film', '.', ',', 'compared', 'films', 'genre', ',', 'definitely', 'better', 'average', '.', 'frankie', 'muniz', 'amanda', 'bines', 'actually', 'appear', 'talent', 'probably', 'continue', 'careers', 'puberty', '--', 'least', 'infomercials', 'voice-overs.', '<', 'br', '/', '>', '<', 'br', '/', '>', ',', 'looking', 'film', 'see', 'kids', ',', 'certainly', 'could', 'lot', 'worse', '!', '<EOR>']
Predicted wrong as 0 the ['<SOR>', 'nothing', 'worse', 'genocides', 'world', "'s", 'history', '.', 'film', 'attempts', 'describe', 'horror', 'faced', 'one', 'particular', 'family', '-', 'common', 'narrative', 'device', '-', 'atomic', 'bomb', 'world', 'hiroshima', '.', 'memorable', 'parts', 'graphic', 'saddening', 'images', 'people', 'hiroshima', 'face', 'aftermath', 'war', '.', 'story', ',', 'however', ',', 'becomes', 'concerned', 'effect', 'specific', 'group', 'people', 'cope', 'getting', 'lives', ';', 'words', ',', "n't", 'really', 'care', ',', 'film', 'grows', 'boring', '.', "'s", 'hard', 'care', ',', 'though', ',', 'family', "'s", 'homeland', 'wrecked', '.', "'m", 'sure', 'would', 'recommend', 'film', ',', 'says', 'little', 'politically', ',', 'honestly', ',', 'keep', 'interest', 'family', "'s", 'troubles', '.', '<EOR>']
Accuracy on Train Set: 0.94888
F1 on Train Set: 0.9488472622478386
Accuracy on Test Set: 0.79952
F1 on Test Set: 0.8095069173465768
[[7004 2371]
 [1388 7987]]

[0, 0, 0, 1, 0]
