Read /train/neg
Read /train/pos
Read /test/neg
Read /test/pos
Train instance num: 25000
Epoch 0 Train Loss(Normalized): 0.6743909935561978 Validation Loss(Normalized): 0.6811418771743775
Epoch 1 Train Loss(Normalized): 0.5265475101008708 Validation Loss(Normalized): 0.47534265875816345
Epoch 2 Train Loss(Normalized): 0.422063197712509 Validation Loss(Normalized): 0.45873740792274476
Epoch 3 Train Loss(Normalized): 0.392905807312654 Validation Loss(Normalized): 0.45735737204551696
Epoch 4 Train Loss(Normalized): 0.38029518115277194 Validation Loss(Normalized): 0.45404948115348814
Epoch 5 Train Loss(Normalized): 0.37171495812279837 Validation Loss(Normalized): 0.4543109607696533
Epoch 6 Train Loss(Normalized): 0.366535555647344 Validation Loss(Normalized): 0.4585667192935944
Epoch 7 Train Loss(Normalized): 0.3584941999644649 Validation Loss(Normalized): 0.4552203369140625
Epoch 8 Train Loss(Normalized): 0.3545982798143309 Validation Loss(Normalized): 0.4552307689189911
Epoch 9 Train Loss(Normalized): 0.3525453237246494 Validation Loss(Normalized): 0.4516118276119232
Epoch 10 Train Loss(Normalized): 0.35196568771284453 Validation Loss(Normalized): 0.4552794075012207
Epoch 11 Train Loss(Normalized): 0.34950354269572664 Validation Loss(Normalized): 0.4536639583110809
Epoch 12 Train Loss(Normalized): 0.3457481660404984 Validation Loss(Normalized): 0.4549231493473053
Epoch 13 Train Loss(Normalized): 0.347362684960268 Validation Loss(Normalized): 0.453788001537323
Epoch 14 Train Loss(Normalized): 0.34298498837315305 Validation Loss(Normalized): 0.4548921847343445
Epoch 15 Train Loss(Normalized): 0.3426907095982104 Validation Loss(Normalized): 0.4541264533996582
Epoch 16 Train Loss(Normalized): 0.3444716148838705 Validation Loss(Normalized): 0.4563613796234131
Epoch 17 Train Loss(Normalized): 0.3419696311561429 Validation Loss(Normalized): 0.4499320936203003
Epoch 18 Train Loss(Normalized): 0.341598425592695 Validation Loss(Normalized): 0.44963580727577207
Epoch 19 Train Loss(Normalized): 0.3403762077190438 Validation Loss(Normalized): 0.4596801114082336
Epoch 20 Train Loss(Normalized): 0.3406496939002251 Validation Loss(Normalized): 0.4555752396583557
Epoch 21 Train Loss(Normalized): 0.338329337385236 Validation Loss(Normalized): 0.4523789346218109
Epoch 22 Train Loss(Normalized): 0.33892035788419295 Validation Loss(Normalized): 0.4540553295612335
Epoch 23 Train Loss(Normalized): 0.33868250250816345 Validation Loss(Normalized): 0.45674453854560854
Epoch 24 Train Loss(Normalized): 0.34005220416857274 Validation Loss(Normalized): 0.45325104594230653
Epoch 25 Train Loss(Normalized): 0.3378572482235578 Validation Loss(Normalized): 0.4538775885105133
Epoch 26 Train Loss(Normalized): 0.33688911856437215 Validation Loss(Normalized): 0.46301504969596863
Epoch 27 Train Loss(Normalized): 0.3380053742807739 Validation Loss(Normalized): 0.4615554463863373
Epoch 28 Train Loss(Normalized): 0.3360689632138427 Validation Loss(Normalized): 0.45339091539382936
Epoch 29 Train Loss(Normalized): 0.33582018589486884 Validation Loss(Normalized): 0.466110497713089
Predicted wrong as 1 the ['<SOR>', 'give', 'director', 'stanley', 'tong', 'jackie', 'chan', "'s", 'super', 'cop', 'rumble', 'bronx', ',', 'get', '?', 'receive', 'series', 'kung', 'fu', 'fights', 'lack', 'magoo-like', 'madness.', '<', 'br', '/', '>', '<', 'br', '/', '>', 'limited', 'plot', 'magoo', '(', 'leslie', 'nielsen', ')', 'put', 'international', 'plot', ',', 'steals', 'world-renowned', 'gem', '.', 'course', 'idea', '.', 'fact', ',', 'idea', 'gem.', '<', 'br', '/', '>', '<', 'br', '/', '>', 'within', 'thirty', 'minutes', 'could', 'get', 'bored', 'watching', '.', 'funny', 'moments', 'though', 'like', 'cooking', 'chicken', '.', 'wish', 'nearsighted', 'magoo', '.', 'fun', 'movie', 'watch', 'quite', 'disaster', '!', 'love', 'leslie', 'nielson', 'made', 'funny', 'movies', '.', "n't", 'best', ',', 'good', 'job', 'playing', 'magoo', '.', 'thought', 'funny', 'film', ',', 'recommended', 'young', 'children', 'probably', 'think', 'funny', '.', '<EOR>']
Predicted wrong as 0 the ['<SOR>', 'warning', ':', 'plot', 'spoiler', '<', 'br', '/', '>', '<', 'br', '/', '>', 'always-abnormal', 'movies', 'david', 'cronenberg', 'certainly', 'acquired', 'taste', '.', 'fans', 'earlier', 'films', 'probably', 'like', '`', 'existenz', "'", ',', 'definitely', "n't", 'one', 'squeamish', '.', 'usual', 'elements', '.', 'game', 'pod', 'made', 'skin', '(', 'hooked', 'back', ')', ',', 'buckets', 'blood', ',', 'gun', 'made', 'bones', ',', 'manic', 'mechanic', 'name', '.', 'result', 'good', 'parts', ',', 'bad', 'parts', ',', 'plain', 'weird', 'others', '.', 'one', 'thing', 'film', 'undeniable', 'originality', '.', '<', 'br', '/', '>', '<', 'br', '/', '>', 'despite', 'excessive', 'use', 'weirdness', 'prove', 'point-', 'virtual', 'reality', 'games', 'dangerous', 'effect', 'people', '.', 'movie', ',', 'character', 'shoots', 'someone', 'dead', 'claiming', '`', 'annoying', "'", '(', 'assuming', 'still', 'game', ')', '.', 'leaves', 'question', 'whether', 'really', 'happened', 'occurrence', 'stunningly', 'life-like', 'game', '.', '`', 'existenz', "'", 'leads', 'conclusion', 'responded', 'several', 'ways', '.', '<', 'br', '/', '>', '<', 'br', '/', '>', 'despite', 'extra', 'gadgets', 'gook', ',', 'simply', 'classic', '`', 'dream', "'", 'twist', '.', 'smart', 'surprise', 'answers', 'questions', ',', 'giving', 'entire', 'film', 'leading', 'moment', 'bit', 'disappointing', '.', '97', 'minutes', 'could', 'went', 'bit', 'longer', '.', 'peculiar', 'way', 'film', 'raises', 'moral', 'issues', 'answers', 'violent', 'rather', 'inappropriate', 'way', '.', '<', 'br', '/', '>', '<', 'br', '/', '>', 'jennifer', 'jason', 'leigh', 'appears', 'first', 'big', 'role', 'quite', '.', 'character', "n't", 'enough', 'qualities', 'make', 'jump', 'screen', 'even', 'give', 'likeable', 'character', '.', 'jude', 'law', 'hand', '(', 'equipped', 'curious', 'american', 'accent', ')', 'good', 'average', 'joe', 'sucked', 'abnormal', 'world', '.', 'see', 'film', 'perspective.', '<', 'br', '/', '>', '<', 'br', '/', '>', '`', 'existenz', "'", 'far', 'flawless', 'certainly', 'movie', 'experience', 'remember', '.', "'s", 'tonnes', '<EOR>']
Predicted wrong as 1 the ['<SOR>', 'nothing', 'like', 'oscar', 'wilde', 'comedy', ',', 'movie', 'nothing', 'like', 'comedy', '.', 'melodrama', 'labors', 'scene', 'scene', 'comedy', 'completely', 'absent', '.', 'original', 'story', ',', 'humor', 'comes', 'americans', 'oblivious', 'ghostly', 'traditions', 'canterville', 'chase', '.', 'american', 'father', 'even', 'offers', 'oil', 'ghost', 'quiet', 'creaking', 'chains', '.', 'read', 'book', '!', '<EOR>']
Predicted wrong as 0 the ['<SOR>', "n't", 'even', 'try', 'figure', 'logic', 'story', '.', 'ride', 'along', '10-year-old', 'gus', 'bizarre', 'road', 'trip', 'ever', 'witnessed', '.', 'weird', 'characters', 'implausible', 'situations', 'twin', 'peaks', 'reunion', '!', 'nothing', 'makes', 'sense', ',', 'yet', "'s", 'impossible', 'stop', 'watching', 'motorama', '!', ',', 'find', "'", 'r', "'", '?', '?', '?', '?', '<EOR>']
Predicted wrong as 0 the ['<SOR>', 'chris', 'noth', 'plays', 'maniac', 'wrote', 'children', "'s", 'book', 'young', 'lad', ',', 'posing', 'doctor', 'menaces', 'community', 'order', 'push', 'sister', "'s", 'son', 'position', 'school', "'s", 'genius', '.', 'man', 'stop', 'cop', 'plays', 'rules', ',', 'forced', 'go', 'undercover', 'help', 'mute', 'father', 'communicates', 'via', 'oujii', 'board', '.', 'rick', 'springfield', 'find', 'whats', '?', 'somebody', 'sabotage', 'recording', 'studio', '!', 'mentally', 'retarded', 'boy', 'operates', 'book', 'mobile', 'clues', '?', 'watch', 'find', '!', "'m", 'making', '!', '<EOR>']
Predicted wrong as 1 the ['<SOR>', 'physicist', ',', 'talk', 'blackholes', 'cosmology', 'gets', 'heart', 'racing', '.', 'however', 'found', 'presentation', 'slow', 'packed', 'enough', 'information', 'interested', 'layman', '(', 'likely', 'see', ')', '.', 'passing', 'curiosity', 'sort', 'stuff', ',', 'go', 'library', 'check', 'books', '.', 'find', 'explain', 'current', 'scientific', 'cosmologies', 'far', 'detail', 'time', 'filling', 'sense', 'wonder', 'movie', '.', 'also', 'set', 'record', 'straight', ':', 'hawking', 'considered', '``', 'greatest', 'mind', "''", 'world', "'s", '``', 'smartest', 'person', "''", 'commonly', 'asserted', 'even', 'among', 'user', 'reviews', 'imdb', '.', 'hawking', 'commented', '``', 'rubbish', '.', 'media', 'hype', '.', 'needed', 'somebody', 'fill', 'role', 'model', 'disabled', 'genius', '.', 'least', "'m", 'disabled', '.', "''", 'fair', ',', 'probably', 'genius', 'among', 'history', "'s", 'greatest', 'scientists', ',', 'people', 'like', 'einstein', ',', 'newton', ',', 'gauss', ',', 'many', 'others', 'easily', 'even', 'highly', 'regarded', '.', 'disrespect', 'hawking', 'undoubtedly', 'great', 'scientist', 'rather', 'disrespect', 'others', 'done', 'even', '.', 'anyhow', ',', 'see', 'movie', 'truly', 'science', '.', ',', 'think', 'would', 'boring', '.', '<EOR>']
Predicted wrong as 1 the ['<SOR>', 'friz', 'freleng', "'s", "'snafuperman", "'", 'one', 'lesser', 'private', 'snafu', 'shorts', '.', 'warning', 'importance', 'studying', 'field', 'manual', ',', "'snafuperman", "'", 'makes', 'point', 'rather', 'clumsily', '.', 'story', ',', 'technical', 'fairy', ',', 'first', 'class', 'makes', 'snafu', 'superhuman', 'order', 'help', 'see', 'error', 'ways', ',', 'predictable', 'unfunny', '.', 'freleng', "'s", 'earlier', 'snafu', 'short', "'rumours", "'", 'bursting', 'ideas', 'laughs', 'director', 'lumbered', 'rather', 'boring', 'topic', 'struggles', 'make', 'entertaining', 'short', '.', 'even', 'around', 'three', 'minutes', 'long', ',', "'snafuperman", "'", 'seems', 'drag', ',', 'unlike', 'best', 'cartoons', 'series', ',', 'feels', 'like', 'instructional', 'film', 'first', 'entertainment', 'second', '.', 'though', 'knocked', 'quickly', 'usual', 'warner', 'cartoons', ',', 'snafu', 'shorts', 'largely', 'maintained', 'surprisingly', 'high', 'standard', '.', "'snafuperman", "'", 'reflection', 'sort', 'quality', "'d", 'reasonably', 'expect', 'less', 'talent', 'bunch', 'creative', 'minds', '.', '<EOR>']
Predicted wrong as 0 the ['<SOR>', '!', 'would', 'never', 'expected', 'ending', "n't", 'already', 'know', 'behind', 'scenes', 'stuff.', '<', 'br', '/', '>', '<', 'br', '/', '>', 'one', 'thing', 'hated', 'shannon', 'kicked', 'alyssa', '.', 'hate', 'would', 'rather', 'character', 'die', 'shannon', "'s", '.', 'funny', 'scene', 'piper', 'dieing', 'hospital', 'bed', 'prue', 'crying', 'side', 'started', 'crying', 'lol', '.', 'time', 'aired', '10yo', 'favorite', 'character', 'piper', 'beginning', 'saying', 'dies', 'see', 'show', 'anymore', '!', 'lol', '<', 'br', '/', '>', '<', 'br', '/', '>', 'whole', 'go', 'back', 'time', 'thing', 'shocker', 'really', 'good', '.', 'also', 'blame', 'pheobe', 'prue', "'s", 'death', 'instead', 'sisters', 'slutty', 'bi', '*', '*', '*', 'good', 'nothing', 'demon', 'boyfriend.', '<', 'br', '/', '>', '<', 'br', '/', '>', 'think', 'episode', 'forever', 'one', 'favorites', 'chrmed', 'classic.', '<', 'br', '/', '>', '<', 'br', '/', '>', 'forever', 'charmed', '!', 'blessed', '!', '<EOR>']
Accuracy on Train Set: 0.97392
F1 on Train Set: 0.9738970293858595
Accuracy on Test Set: 0.8493866666666666
F1 on Test Set: 0.8518207576870606
[[7809 1566]
 [1258 8117]]

[0, 1, 1, 1, 0]
