Read /train/neg
Read /train/pos
Read /test/neg
Read /test/pos
Train instance num: 25000
Epoch 0 Train Loss(Normalized): 0.617824878011431 Validation Loss(Normalized): 0.5920290637016297
Epoch 1 Train Loss(Normalized): 0.6059936947968542 Validation Loss(Normalized): 0.5499969696998597
Epoch 2 Train Loss(Normalized): 0.4726733093967243 Validation Loss(Normalized): 0.5213043808937072
Epoch 3 Train Loss(Normalized): 0.4297522218251715 Validation Loss(Normalized): 0.4793719816207886
Epoch 4 Train Loss(Normalized): 0.3998505984033857 Validation Loss(Normalized): 0.4711943531036377
Epoch 5 Train Loss(Normalized): 0.3900488542050731 Validation Loss(Normalized): 0.47398242831230164
Epoch 6 Train Loss(Normalized): 0.37454779202840766 Validation Loss(Normalized): 0.46407569766044615
Epoch 7 Train Loss(Normalized): 0.36684213913216884 Validation Loss(Normalized): 0.464028799533844
Epoch 8 Train Loss(Normalized): 0.3602576994774293 Validation Loss(Normalized): 0.4706995964050293
Epoch 9 Train Loss(Normalized): 0.3622832054994544 Validation Loss(Normalized): 0.47767208695411684
Epoch 10 Train Loss(Normalized): 0.3524939645918048 Validation Loss(Normalized): 0.4657001090049744
Epoch 11 Train Loss(Normalized): 0.3482641188465819 Validation Loss(Normalized): 0.46487259268760683
Epoch 12 Train Loss(Normalized): 0.34524374500829347 Validation Loss(Normalized): 0.47312190413475036
Epoch 13 Train Loss(Normalized): 0.3456880368140279 Validation Loss(Normalized): 0.46596221446990965
Epoch 14 Train Loss(Normalized): 0.34236241055994615 Validation Loss(Normalized): 0.465178861618042
Epoch 15 Train Loss(Normalized): 0.3433053730701914 Validation Loss(Normalized): 0.46377382159233094
Epoch 16 Train Loss(Normalized): 0.34002137974816926 Validation Loss(Normalized): 0.4631792402267456
Epoch 17 Train Loss(Normalized): 0.33774002230897243 Validation Loss(Normalized): 0.462483891248703
Epoch 18 Train Loss(Normalized): 0.33858923218688186 Validation Loss(Normalized): 0.46635622382164
Epoch 19 Train Loss(Normalized): 0.3429490863060465 Validation Loss(Normalized): 0.46428402423858645
Epoch 20 Train Loss(Normalized): 0.33875294820386537 Validation Loss(Normalized): 0.47243246078491213
Epoch 21 Train Loss(Normalized): 0.33707092824030893 Validation Loss(Normalized): 0.4670463526248932
Epoch 22 Train Loss(Normalized): 0.3354326024347422 Validation Loss(Normalized): 0.47737342476844785
Epoch 23 Train Loss(Normalized): 0.340190166113328 Validation Loss(Normalized): 0.4621663451194763
Epoch 24 Train Loss(Normalized): 0.3341930615050452 Validation Loss(Normalized): 0.46420634031295777
Epoch 25 Train Loss(Normalized): 0.3333034539709286 Validation Loss(Normalized): 0.46509557843208316
Epoch 26 Train Loss(Normalized): 0.3329803095180161 Validation Loss(Normalized): 0.46495172262191775
Epoch 27 Train Loss(Normalized): 0.3314072109606801 Validation Loss(Normalized): 0.46642539143562317
Epoch 28 Train Loss(Normalized): 0.3325192721522584 Validation Loss(Normalized): 0.46863518238067625
Epoch 29 Train Loss(Normalized): 0.3321111740506425 Validation Loss(Normalized): 0.4655809926986694
Predicted wrong as 0 the ['<SOR>', 'intense', ',', 'funny', ',', 'witty', ',', 'anything', ',', 'social', 'comedy', 'ways', 'adult', 'dating', "'s", 'results-be', 'good', 'bad', '.', 'mohr', 'nicholson', 'engaged', 'couple', 'two', 'months', 'away', 'wedding', 'date', ',', 'bizarre', 'event', 'engagement', 'party', 'forces', 'nicholson', 're-think', 'relationship', 'start', 'date', 'people', 'wo', "n't", 'feel', 'pristine', 'comes', 'sexual', 'experience', '.', 'leads', 'disaster', 'events', 'following', 'mohr', ',', 'nicholson', ',', 'cohorts', '.', 'intelligent', 'needed', 'time', 'clumsy', ',', 'condescending', 'comedy', ',', 'containing', 'usual', 'variety', 'comedic', ',', 'sexual', ',', 'frustrated', 'characters', '(', 'especially', 'charles', 'sexually', 'frustrated', 'sex', 'fiend', '...', 'annoying', ')', 'even', 'seem', 'get', 'right', 'feel', 'heart', 'felt', 'commentary.', '<', 'br', '/', '>', '<', 'br', '/', '>', 'film', 'goes', 'way', 'films', 'go', 'days', ',', 'showing', 'guys', 'sensitive', 'heart', 'morals', '.', 'male', 'characters', 'moralistic', ',', 'straight', 'forward', 'eyes', ',', 'woman', 'fresh', 'faced', 'street', 'prowlers', 'stop', 'nothing', 'get', 'pleasure', '.', 'guys', 'appreciative', 'message', 'made', 'guys', 'self', 'respect', ',', 'however', 'easy', 'assume', 'males', 'see', 'film', 'use', "'s", 'message', 'male', 'sensitivity', 'cover', 'flaw', 'trait', 'female', 'might', 'find', 'offending', '.', 'still', ',', 'writing', 'formula', 'uses', 'tool', 'pave', 'way', "'s", 'male', 'leads', ',', 'particularly', 'mohr', ',', 'richter', ',', 'finding', 'director', 'cameo', 'sales', 'man', '!', '<', 'br', '/', '>', '<', 'br', '/', '>', 'females', 'far', 'promiscuous', 'speak', 'nothing', 'pleasure', 'would', 'like', '...', 'someone', 'else', '.', 'amicable', 'traits', 'though', ',', 'even', 'though', 'covered', 'image', 'sex', 'driven', 'kittens', '.', 'funny', 'stuff.', '<', 'br', '/', '>', '<', 'br', '/', '>', 'another', 'level', ',', 'film', 'follows', "'s", 'ensemble', 'different', 'relationship', 'work', '.', 'richter', 'meets', 'stressed', 'divorcée', '(', 'remarkable', 'noteworthy', 'performance', 'always', 'reliable', 'helen', 'slater', ')', 'named', 'penelope', 'divorced', '<EOR>']
Predicted wrong as 0 the ['<SOR>', "n't", 'go', 'many', '``', 'heist', "''", 'comedies', ',', 'might', 'care', 'one', "n't", 'actors', ',', 'made', ',', 'first', 'saw', '(', 'years', 'later', ')', '.', "'s", 'almost', 'similar', '``', 'happening', "''", '(', 'even', 'though', "'s", 'obviously', 'much', 'less', 'serious', 'comedy', 'one', ')', '-', 'mafia', 'figure', 'takes', 'kidnapping', ',', 'rather', ',', 'turns', 'different', 'direction', 'altogether', '.', 'course', ',', 'raquel', 'welch', "n't", 'play', 'kind', 'sharp', 'character', 'faye', 'dunaway', 'happening', ',', "n't", 'make', 'sexist', 'film', 'either', '-', 'practically', 'playing', 'stock', 'character', ',', 'almost', 'version', '``', 'moll', "''", '!', ',', "'m", 'completely', 'biased', '-', "'s", 'among', 'first', 'films', 'ever', 'saw', ',', 'time', 'saw', ',', 'could', "n't", 'turn', 'around', 'without', 'seeing', 'poster', '(', 'luckily', ')', '.', 'think', 'robert', 'wagner', 'really', 'right', 'neither', 'thoroughly', 'likable', 'dis-likable', 'leader', 'group', ',', 'edward', 'g.', 'robinson', '(', 'naturally', ')', 'vittoria', 'de', 'sica', '.', 'godfrey', 'cambridge', ',', 'actor', 'always', 'managed', 'funny', '.', '<EOR>']
Predicted wrong as 1 the ['<SOR>', 'really', 'wonderful', 'movie', ',', 'could', 'also', 'try', 'seeing', 'movie', 'saint', 'francis', 'assisi', '-', 'good', 'audience', '.', 'best', 'thing', 'liked', 'movie', 'mexico', 'landscape', ',', '&', 'gets', 'movie', '2.', 'surprised', 'actors', "n't", 'terrible', 'sunburn', ',', 'desert', 'dwellers', '.', 'moses', 'said', 'speaking', 'impediment', ',', 'certainly', '.', 'even', '``', 'miracle', "''", 'scenes', 'contrived', '&', 'un-believable', '.', "'s", 'point', 'belief', 'anything', 'tv', 'story', '?', 'talk', 'dumbing', ',', 'thought', 'hallmark-made', 'movie', 'pathetic', ',', '&', 'see', 'others', 'hate', 'hollywood', '.', "n't", ',', 'corporate', 'profit', 'grubbers', '.', "n't", 'kind', 'religious', 'benefit', '``', 'jesus', 'nazareth', "''", ',', 'waste', 'celluloid', 'need', 'bored', ',', 'nothing', ',', 'dumbed-down', '&', 'religious', '.', 'real', 'movie', 'experience', ',', 'try', '``', 'short', 'cut', 'nirvana', "''", ',', 'highly', 'rated', 'film', '.', '<EOR>']
Predicted wrong as 1 the ['<SOR>', 'far', 'racist', 'ghettoish', 'cartoon', 'children', '7+', '.', 'kids', 'watch', 'cartoon', 'likely', 'try', 'dress', ',', 'talk', ',', 'act', 'like', 'characters', 'portrayed', '.', 'disappointed', 'nickelodeon', 'nick', 'jr.', 'agreeing', 'air', 'terrible', 'program', '.', 'wayan', "'s", 'brothers', 'may', 'good', 'movies', 'meant', 'young', 'adult', 'viewers', '.', 'stick', 'movies', 'make', 'episodes', 'cartoon', '.', 'usually', 'young', 'celebs', 'start', 'working', 'movies', 'voice-overs', 'cartoons', 'grow', 'older', ',', 'move', 'programs', 'young', 'adults', '.', 'good', 'example', 'nick', 'cannon', '.', 'first', 'started', 'appearing', 'all-that', ',', 'later', 'starred', 'mib', 'ii', ',', 'drumline', ',', 'tv', 'show', ',', 'nick', 'cannon', 'presents', ':', 'wild', "'n", ',', 'comedians', 'compete', 'telling', 'inappropriate', 'jokes', '.', 'comment', 'originally', 'thugaboo', ',', 'wanted', 'show', 'examples', 'celebs', 'kids', 'watched', 'tv', 'long', 'ago', 'become', 'get', 'involved', 'non-kid-friendly', 'programs', '.', 'sad', 'happens', ',', 'celebs', 'change', 'grow', '.', 'opposite', 'wayan', "'s", 'brothers', 'new', 'cartoon', '.', 'bad', 'enough', 'deal', 'bad', 'people', 'ghettos', ',', 'allowing', 'young', 'generation', 'watch', 'program', ',', 'convert', 'kids', 'possibilities', 'ones', "n't", 'chance', 'good', 'life', '.', 'feelings', 'cartoon', 'beliefs', 'happen', 'children', 'watch', '.', '<EOR>']
Predicted wrong as 1 the ['<SOR>', 'beginning', "'loggerheads", "'", ',', "'re", 'introduced', 'three', 'pairs', 'seemingly', 'unrelated', 'characters', '.', 'make', 'matters', 'even', 'confusing', ',', "'re", 'informed', '(', 'via', 'titles', 'screen', ')', 'action', 'taking', 'place', 'three', 'separate', 'time', 'lines', '(', 'years', '1999', '2001', ')', '.', 'takes', 'great', 'deal', 'time', 'eventually', 'come', 'see', 'three', 'pairs', 'related', ':', 'mark', 'austin', ',', 'young', 'man', '20s', ',', 'gay', 'hiv', 'positive', 'estranged', 'conservative', 'parents', ',', 'elizabeth', 'rev', '.', 'robert', 'austin', '.', '<', 'br', '/', '>', '<', 'br', '/', '>', 'mark', 'drifter', 'arrives', 'kure', 'beach', ',', 'north', 'carolina', ',', 'seaside', 'town', ',', 'meets', 'george', '(', 'sensitively', 'played', 'michael', 'kelly', ')', ',', 'gay', 'motel', 'owner', 'eventually', 'become', 'involved', '.', 'meanwhile', ',', 'mark', "'s", 'birth', 'mother', ',', 'grace', '(', 'played', 'bonnie', 'hunt', ')', 'come', 'point', 'life', 'decided', 'find', 'son', 'gave', 'adoption', '17.', 'similarly', ',', 'mark', "'s", 'adoptive', 'mother', ',', 'also', 'decided', 'track', 'estranged', 'son', 'misses', '(', 'despite', 'misgivings', 'homophobic', 'minister', 'husband', ')', '.', '<', 'br', '/', '>', '<', 'br', '/', '>', "'loggerheads", "'", "'re", 'told', 'based', 'true', 'story', 'perhaps', 'achilles', 'heel', '.', 'director/writer', 'tim', 'kirkman', 'tries', 'hard', 'create', 'scenes', 'fraught', 'dramatic', 'tension', 'little', 'found', '.', 'take', 'mark', 'george\x97they', "'re", 'sensitive', 'souls', 'little', 'disagree', '.', "'s", 'slight', 'tension', 'grace', 'faces', 'adoption', 'agency', 'director', 'forbidden', 'law', 'give', 'information', 'lost', 'son', 'well', 'slight', 'conflict', 'mother', 'denies', 'disapproved', 'became', 'pregnant', 'teenager', '.', 'sparks', 'fly', 'either', 'elizabeth', 'robert', 'since', 'good', 'reverend', 'adamantly', 'insisted', 'beginning', 'intention', 'reconciling', 'son', '.', '<', 'br', '/', '>', '<', 'br', '/', '>', "'loggerheads", "'", 'similar', "'brokeback", 'mountain', "'", 'gay', 'couple', 'good', 'guys', 'straight', 'males', '(', 'example', ',', '<EOR>']
Predicted wrong as 1 the ['<SOR>', 'movie', 'honestly', 'one', 'greatest', 'movies', 'time', '...', 'suffer', 'insomnia', '.', 'fool-proof', 'way', 'guarantee', 'hours', 'sleep', 'time', '.', 'movie', 'slowly', 'progresses', ',', 'audience', 'slips', 'state', 'unconsciousness', 'gradually', 'loses', 'sight', 'sort', 'plot', 'movie', 'might', 'actually', 'contain', '.', 'effect', 'surely', 'created', 'due', 'lack', 'sweet', 'action/sweet', 'babes.', '<', 'br', '/', '>', '<', 'br', '/', '>', 'also', ',', 'mr.', 'eisenstein', 'obviously', 'unable', 'master', 'art', 'montage', '.', 'prime', 'example', 'scene', 'odessa', 'steps', '.', 'apparent', 'reason', ',', 'event', 'real', 'life', 'would', 'taken', 'matter', 'seconds', 'transformed', 'seven', 'minute', 'nightmare', 'sane', 'viewer', '.', 'editing', 'flaw', 'tarnishes', 'sort', 'realism', 'entire', 'film', '.', 'honestly', ',', "'ve", 'seen', 'realistic', 'editing', 'watching', 'cartoons.', '<', 'br', '/', '>', '<', 'br', '/', '>', 'individuals', 'commented', 'title', 'hailed', 'battleship', 'potemkin', ':', '``', 'one', 'greatest', 'movies', 'time', "''", ',', '``', 'truly', 'masterpiece', "''", '.', 'well', "'m", 'writing', 'comment', 'persuade', 'readers', 'avoid', 'watching', 'film', 'costs', '.', 'best', 'guess', 'fellow', 'potemkin', 'critics', 'simply', 'wrote', 'wrong', 'words', 'summaries', '.', 'surely', 'meant', 'say', ':', '``', 'one', 'greatest', 'snooze-fests', 'time', "''", ',', '``', 'truly', 'epic', 'fail', "''", '.', '<', 'br', '/', '>', '<', 'br', '/', '>', 'conclusion', ',', "n't", 'waste', 'time', '.', 'interested', 'watching', 'movie', 'far', 'superior', 'quality', ',', 'go', 'www.youtube.com', 'watch', 'halo', '3', 'montage', '.', 'played', 'movie', '``', 'battleship', 'potemkin', "''", 'game', 'slayer', 'guardian', ',', 'would', 'shoot', 'face', 'sniper', 'rifle', 'teabag', 'dead', 'body', '.', 'peace', '!', '<EOR>']
Predicted wrong as 0 the ['<SOR>', 'main', 'reason', 'check', 'one', 'watch', 'laura', 'gemser', 'glory.', '<', 'br', '/', '>', '<', 'br', '/', '>', "'s", 'reason', 'enough', 'me.', '<', 'br', '/', '>', '<', 'br', '/', '>', 'heads', 'africa', 'guests', 'another', 'rich', 'guy', 'seems', 'films', '.', 'huge', 'mansion', 'near', 'jungle', '.', 'hunters', 'staying', 'around', 'parties', "n't", 'hunting', 'zebras', '.', 'said', 'parties', 'becoming', 'drunken', 'orgies.', '<', 'br', '/', '>', '<', 'br', '/', '>', 'high', 'society', 'types', 'emanuelle', 'films', 'seem', 'control', 'fetishes', '.', 'emanuelle', 'beds', 'them.', '<', 'br', '/', '>', '<', 'br', '/', '>', 'joe', "d'amato", 'direct', 'one', '.', 'ripped', 'used', 'cast', '(', ')', '.', 'anyone', 'notice', "'subliminal", "'", 'sexual', 'images', 'gas', 'station', '?', 'men', 'stay', 'dressed', 'sex', 'scenes', '?', '<', 'br', '/', '>', '<', 'br', '/', '>', 'coherence', '?', 'hardly', '.', 'goddess', 'gemser', 'beautiful', '.', '<EOR>']
Predicted wrong as 0 the ['<SOR>', '...', 'apparently', 'bernard', 'cribbins', 'ad', 'libbed', 'nearly', 'lines', '.', 'sit', "'daddy", '!', 'oh', 'daddy', "''", 'bit', 'without', 'blubbing', 'really', 'need', 'get', 'touch', 'inner', 'child', '(', 'trust', '.', "'m", '41', 'year', 'old', 'bloke', ')', '.', '<EOR>']
Accuracy on Train Set: 0.97916
F1 on Train Set: 0.97919245976277
Accuracy on Test Set: 0.8544
F1 on Test Set: 0.8559214692843571
[[7911 1464]
 [1266 8109]]

[1, 0, 1, 1, 1]
