Read /train/neg
Read /train/pos
Read /test/neg
Read /test/pos
Train instance num: 25000
Epoch 0 Train Loss(Normalized): 0.6268549403365777 Validation Loss(Normalized): 0.5716298651695252
Epoch 1 Train Loss(Normalized): 0.5013025165820608 Validation Loss(Normalized): 0.5260085427761078
Epoch 2 Train Loss(Normalized): 0.451409959975554 Validation Loss(Normalized): 0.504295893907547
Epoch 3 Train Loss(Normalized): 0.4236613034593816 Validation Loss(Normalized): 0.5000643229484558
Epoch 4 Train Loss(Normalized): 0.42547053767710313 Validation Loss(Normalized): 0.5277410542964935
Epoch 5 Train Loss(Normalized): 0.41912552288600374 Validation Loss(Normalized): 0.49415910720825196
Epoch 6 Train Loss(Normalized): 0.3841492077525781 Validation Loss(Normalized): 0.498343311548233
Epoch 7 Train Loss(Normalized): 0.3750525725131132 Validation Loss(Normalized): 0.48952468037605285
Epoch 8 Train Loss(Normalized): 0.36855062021284685 Validation Loss(Normalized): 0.4916734409332275
Epoch 9 Train Loss(Normalized): 0.3643261364528111 Validation Loss(Normalized): 0.4961285400390625
Epoch 10 Train Loss(Normalized): 0.3588962925940144 Validation Loss(Normalized): 0.49653581261634827
Epoch 11 Train Loss(Normalized): 0.3567587751515058 Validation Loss(Normalized): 0.495719667673111
Epoch 12 Train Loss(Normalized): 0.3576171434655481 Validation Loss(Normalized): 0.4958969593048096
Epoch 13 Train Loss(Normalized): 0.3573879477929096 Validation Loss(Normalized): 0.503261992931366
Epoch 14 Train Loss(Normalized): 0.35186276204732 Validation Loss(Normalized): 0.49146732926368714
Epoch 15 Train Loss(Normalized): 0.35214231178468586 Validation Loss(Normalized): 0.5002304720878601
Epoch 16 Train Loss(Normalized): 0.34652071583027744 Validation Loss(Normalized): 0.5006531608104706
Epoch 17 Train Loss(Normalized): 0.35485569281237467 Validation Loss(Normalized): 0.501218113899231
Epoch 18 Train Loss(Normalized): 0.34906817455681005 Validation Loss(Normalized): 0.4939891886711121
Epoch 19 Train Loss(Normalized): 0.34273121369128323 Validation Loss(Normalized): 0.4922996211051941
Epoch 20 Train Loss(Normalized): 0.3447050382288135 Validation Loss(Normalized): 0.4948233282566071
Epoch 21 Train Loss(Normalized): 0.3406346215277302 Validation Loss(Normalized): 0.49821029424667357
Epoch 22 Train Loss(Normalized): 0.34107708991790303 Validation Loss(Normalized): 0.49807231783866884
Epoch 23 Train Loss(Normalized): 0.34225025012785076 Validation Loss(Normalized): 0.4977521228790283
Epoch 24 Train Loss(Normalized): 0.34405834638342564 Validation Loss(Normalized): 0.5031534934043884
Epoch 25 Train Loss(Normalized): 0.34746533997204837 Validation Loss(Normalized): 0.5005282080173492
Epoch 26 Train Loss(Normalized): 0.3429934379397606 Validation Loss(Normalized): 0.5054122829437255
Epoch 27 Train Loss(Normalized): 0.34637087948468265 Validation Loss(Normalized): 0.5059981906414032
Epoch 28 Train Loss(Normalized): 0.34875805736804494 Validation Loss(Normalized): 0.5143778014183045
Epoch 29 Train Loss(Normalized): 0.3384603398795031 Validation Loss(Normalized): 0.5040207517147064
Predicted wrong as 1 the ['<SOR>', 'kissing', 'bandit', 'third', 'final', 'film', 'frank', 'sinatra', 'kathryn', 'grayson', 'co-starred', 'mgm', '.', 'first', 'two', 'anchors', 'aweigh', 'happened', 'brooklyn', '.', 'sinatra', 'wooed', 'lost', 'grayson', '.', 'guess', 'third', 'time', "'s", 'charm.', '<', 'br', '/', '>', '<', 'br', '/', '>', 'romance', 'maybe', ',', 'definitely', 'screen', 'image', '.', 'sinatra', 'forty', "'s", 'films', 'plays', 'nice', 'little', 'schnook', 'time', 'toreador', 'pants', '.', 'poaching', 'tyrone', 'power', "'s", 'territory', 'laid', 'mark', 'zorro', ',', 'sinatra', 'plays', 'son', 'man', 'hotel', 'owner', 'day', 'kissing', 'bandit', 'night', '.', "'s", 'gone', 'left', 'california', 'education', 'come', 'back', 'ready', 'take', 'dad', "'s", 'place', ',', 'hotel', 'business', '.', 'learn', 'hotel', 'business', ',', 'boston.', '<', 'br', '/', '>', '<', 'br', '/', '>', 'course', 'dad', "'s", 'former', 'gang', 'members', ',', 'grown', 'little', 'old', 'paunchy', 'led', 'j.', 'carrol', 'naish', ',', 'want', 'lead', 'gang', '.', '<EOR>']
Predicted wrong as 0 the ['<SOR>', "'s", 'pretty', 'good', ',', 'things', 'considered', '.', 'must', 'anyone', 'perplexed', 'opposite', 'sex', '(', 'i.e', '.', 'us', '!', ')', '.', 'trailer', "n't", 'give', 'away', 'plot', 'good', 'reason.', '<', 'br', '/', '>', '<', 'br', '/', '>', 'premise', 'absurd', ',', "'s", 'nice', 'see', "n't", 'take', 'seriously', '.', "'s", 'like', 'someone', 'bbc', 'children', "'s", 'department', 'decided', 'make', 'film', 'adults', '.', "'s", 'bad', 'thing', 'imo.', '<', 'br', '/', '>', '<', 'br', '/', '>', '7/10', '<EOR>']
Predicted wrong as 1 the ['<SOR>', 'twilight', 'zone', 'achieved', 'certain', 'mythology', '--', 'much', 'like', 'star', 'trek', '.', "'s", 'many', 'devoted', 'lovers', 'show', 'matter', 'think', 'every', 'episode', 'winner', '.', 'ones', 'score', 'individual', 'show', '10', 'objectively', 'evaluate', 'show', '.', ',', 'back', 'reviewed', 'original', 'star', 'trek', 'episodes', '(', 'good', 'bad', ')', 'overall', 'ratings', 'reviews', 'positive', '.', ',', "'s", 'time', 'twilight', 'zone.', '<', 'br', '/', '>', '<', 'br', '/', '>', 'surprised', 'saw', 'reviews', 'bland', 'episode', 'described', '``', 'among', 'best', "''", 'gave', 'scores', '10.', 'case', ',', 'everyone', 'know', 'seen', 'episode', 'hates', 'much', '?', "'s", 'possible', 'family', 'friends', 'cranks', "'s", 'also', 'possible', 'yet', 'another', 'case', 'rabid', 'fans', 'rabidly', 'inflating', 'rating', 'average', 'average', 'episode.', '<', 'br', '/', '>', '<', 'br', '/', '>', 'episode', 'stars', 'william', 'windom', 'others', 'various', 'archetypes', '--', 'soldier', ',', 'dancer', ',', 'etc', '.', 'stuck', 'cylindrical', '<EOR>']
Predicted wrong as 0 the ['<SOR>', 'plot', 'somewhat', 'original', ',', 'actors', 'job', 'pretty', 'well', '.', 'plenty', 'comic', 'relief', ',', '.', 'things', 'make', 'lot', 'sense', '(', 'e.g', '.', 'first', '``', 'chase', "''", 'scene', ',', 'would', 'heroine', 'hide', 'somewhere', 'wait', 'baddies', 'leave', '?', ')', '.', 'russians', 'actually', 'speak', 'russian', 'without', 'accent', ',', 'cars', 'extremely', 'strange', ',', 'models', 'spanning', 'like', '50', 'years', ',', 'place', 'seems', 'weirdly', 'time', '.', 'overall', ',', 'like', 'thrillers', 'probably', 'like', 'one', 'well', '.', '<EOR>']
Predicted wrong as 0 the ['<SOR>', 'story', 'involves', 'ancient', 'demon', 'released', 'upon', 'small', 'town', 'halloween', 'night', '.', 'life', 'never', 'seen', 'cheesy', 'film', ',', '*', '*', 'entertaining', 'forgive', 'bad', 'acting', ',', 'effects', ',', 'direction', ',', 'script', '.', 'best', 'movie', 'created', 'halloween', 'season', 'since', 'original', 'halloween', '.', 'introduce', 'linnea', 'quigley', "'s", 'character', 'first', 'time', ',', 'butt', 'naked', 'shower', 'like', '5', 'mins', '.', 'goodness', "n't", 'get', 'better', '.', 'rush', 'buy', 'tape', 'right', 'away', '.', '5/10', '<EOR>']
Predicted wrong as 1 the ['<SOR>', 'frothy', 'romantic', 'comedy', 'based', 'kind', 'story', 'loved', 'teenager', ',', 'find', 'rather', 'distasteful', '.', 'case', 'may-september', 'attachments', ',', 'doubtless', 'mind', 'elder', 'party', 'either', 'lust', ',', 'inability', 'face', 'reality', 'aging', ',', '.', 'younger', 'likely', 'looking', 'kind', 'parent', '(', ')', 'lacked', 'child', '.', 'underlying', 'agendas', 'seem', 'pathetic', 'romantic', ';', 'also', 'something', 'rather', 'predatory', 'them.', '<', 'br', '/', '>', '<', 'br', '/', '>', 'dick', 'powell', 'looked', 'bit', 'embarrassed', '--', 'well', '--', 'playing', 'elder', 'lover', 'silly', 'story', '.', ',', 'fifty', ',', 'attempting', 'role', 'thirty-eight-year-old', 'man', 'romancing', 'teen-ager', '.', 'young', 'debbie', 'reynolds', 'knockout', '--', 'pretty', 'saucy', 'full', 'vinegar', '--', 'misbehaving', 'seventeen-year-old', 'presented', 'kind', '``', 'gift', "''", 'morally', 'upright', 'honest', 'screenwriter', ',', 'subject', 'study', '.', 'spirited', 'performance', 'wrung', 'better', 'rating', 'film', 'would', 'otherwise', 'deserve', '.', 'anne', 'francis', 'cast', 'powell', "'s", 'beautiful', ',', '<EOR>']
Predicted wrong as 1 the ['<SOR>', 'new', 'pride', '&', 'prejudice', 'film', 'gorgeous', 'view', ',', 'soundtrack', 'lovely', ',', 'seeing', 'jane', 'austen', "'s", 'pride', 'prejudice', '.', 'film', 'reason', 'set', 'back', 'early', '1790', "'s", ',', 'rather', 'regency', 'period', 'novel', 'set', ',', 'scholars', 'long', 'shown', '.', 'bennets', "'", 'longbourn', 'estate', 'ram-shackled', 'looks', 'like', 'cold', 'comfort', 'farm', '.', 'yet', 'bennets', 'novel', 'gentry', 'class', ';', 'farm', ',', 'pig', 'walk', 'house', ',', 'farmyard', 'manure', 'chicken', 'droppings', 'contiguous', 'home', '.', 'scenes', 're-set', 'novel', ',', 'lest', 'forget', ',', 'jane', 'austen', 'placed', 'scenes', 'certain', 'locations', 'reason', '.', 'example', ',', 'film', 'puts', 'big', 'darcy', 'proposal', 'scene', 'outside', 'storm', 'front', 'neoclassical', 'temple', ',', 'opposed', 'inside', 'collins', "'", 'parsonage', ':', 'jane', 'austen', 'put', 'parsonage', '?', 'lizzy', 'darcy', 'speak', 'total', ',', 'brutal', 'honesty', 'scene', ',', 'collinses', 'never', 'shared', 'honest', 'word', '.', 'rain', 'outdoor', 'proposal', '?', '<EOR>']
Predicted wrong as 1 the ['<SOR>', 'another', 'eli', 'roth', 'making', '.', 'self', 'promoting', ',', 'bad', 'script', 'writing', 'excuse', 'horror', 'director', '.', 'victor', 'far', 'new', 'horror', 'icon', 'mary', 'poppins', '(', 'reference', 'disney', 'score', ')', '.', 'going', '?', 'marilyn', 'manson', 'opening', 'closing', 'piece', 'crap', 'chitty', 'chitty', 'bang', 'bang', '.', 'even', 'called', 'horror', '?', 'horrible', ',', 'yes', ',', 'horror', 'stretch', '.', 'david', 'lynch', 'sue', 'stealing', 'elephant', 'man', 'prosthetics', '.', 'please', 'stop', 'fan', 'boy', 'want', 'directors', '.', 'video', 'directors', 'already', 'enough', 'competition', 'breaking', 'film', 'industry', '.', 'getting', 'online', 'talking', 'great', 'movie', 'make', 'true', '.', 'stop', 'insanity', '.', 'work', 'industry', 'yes', 'films', 'fun', 'work', ',', 'rarely', 'ever', 'entertaining', 'actually', 'watch', '.', '<EOR>']
Predicted wrong as 1 the ['<SOR>', 'johnnie', '(', 'bert', 'wheeler', ')', 'would-be', 'songwriter', ';', 'newton', '(', 'robert', 'woolsey', ')', 'would-be', 'inventor', '.', 'work', 'cigar', 'stand', 'lobby', 'office', 'building', '.', 'johnnie', 'wants', 'sell', 'song', 'winfield', 'lake', ',', 'song', 'publisher', 'also', 'owns', 'building', '.', 'lake', "'s", 'secretary', ',', 'mary', '(', 'betty', 'grable', ')', ',', 'johnnie', "'s", 'sweetheart', '.', 'lake', 'turns', 'dead', ',', 'circumstances', 'conspire', 'make', 'mary', 'newton', 'think', 'johnnie', 'killer', '.', 'conspire', 'implicate', 'mary', ',', 'goes', 'jail', '.', 'really', 'shot', 'lake', '?', 'black', 'widow', ',', 'blackmailer', 'threatened', '?', 'characters', 'wacky', 'murder', 'mystery', ':', 'lake', "'s", 'suspicious', 'wife', ',', 'self-satisfied', 'private', 'detective', ',', 'seemingly', 'slow-witted', 'janitor', '(', 'willie', 'best', ')', ',', 'lake', "'s", 'auditor', ',', 'songwriter', 'thinks', 'lake', 'stealing', 'another', 'thinks', 'everyone', 'stealing', '.', "'s", 'newton', 'truth', 'machine', 'reveal', 'real', 'killer.', '<', 'br', '/', '<EOR>']
Accuracy on Train Set: 0.94424
F1 on Train Set: 0.9444355867346939
Accuracy on Test Set: 0.8199466666666667
F1 on Test Set: 0.821715251373046
[[7594 1781]
 [1595 7780]]

[0, 0, 1, 1, 0]
