Read /train/neg
Read /train/pos
Read /test/neg
Read /test/pos
Train instance num: 25000
Epoch 0 Train Loss(Normalized): 0.6380165778860754 Validation Loss(Normalized): 0.5780518078804016
Epoch 1 Train Loss(Normalized): 0.5307502329957728 Validation Loss(Normalized): 0.6031375479698181
Epoch 2 Train Loss(Normalized): 0.49802588048029917 Validation Loss(Normalized): 0.5361370480060578
Epoch 3 Train Loss(Normalized): 0.6800647326269929 Validation Loss(Normalized): 0.7015624856948852
Epoch 4 Train Loss(Normalized): 0.577093489316045 Validation Loss(Normalized): 0.4873234760761261
Epoch 5 Train Loss(Normalized): 0.49708748593622326 Validation Loss(Normalized): 0.47876503348350524
Epoch 6 Train Loss(Normalized): 0.4015739295555621 Validation Loss(Normalized): 0.4560572576522827
Epoch 7 Train Loss(Normalized): 0.3870251966374261 Validation Loss(Normalized): 0.4531030786037445
Epoch 8 Train Loss(Normalized): 0.3705254930014513 Validation Loss(Normalized): 0.4432849431037903
Epoch 9 Train Loss(Normalized): 0.359620173062597 Validation Loss(Normalized): 0.445318797826767
Epoch 10 Train Loss(Normalized): 0.35421713669689336 Validation Loss(Normalized): 0.4391769564151764
Epoch 11 Train Loss(Normalized): 0.35105719371717803 Validation Loss(Normalized): 0.44028494000434876
Epoch 12 Train Loss(Normalized): 0.3466561783333214 Validation Loss(Normalized): 0.4469225215911865
Epoch 13 Train Loss(Normalized): 0.34817360311138384 Validation Loss(Normalized): 0.44733486413955686
Epoch 14 Train Loss(Normalized): 0.34661608934402466 Validation Loss(Normalized): 0.44029179096221926
Epoch 15 Train Loss(Normalized): 0.34404479788274184 Validation Loss(Normalized): 0.44140522956848144
Epoch 16 Train Loss(Normalized): 0.34081732740207593 Validation Loss(Normalized): 0.4453991973400116
Epoch 17 Train Loss(Normalized): 0.3391375569056492 Validation Loss(Normalized): 0.44321518182754516
Epoch 18 Train Loss(Normalized): 0.337291342263319 Validation Loss(Normalized): 0.4410246801376343
Epoch 19 Train Loss(Normalized): 0.33901816332826806 Validation Loss(Normalized): 0.4394456195831299
Epoch 20 Train Loss(Normalized): 0.33691037948034247 Validation Loss(Normalized): 0.4394551455974579
Epoch 21 Train Loss(Normalized): 0.33516327763090326 Validation Loss(Normalized): 0.4369797956943512
Epoch 22 Train Loss(Normalized): 0.33583040869965847 Validation Loss(Normalized): 0.44103057026863096
Epoch 23 Train Loss(Normalized): 0.33706039828913553 Validation Loss(Normalized): 0.4498116946220398
Epoch 24 Train Loss(Normalized): 0.3366540129087409 Validation Loss(Normalized): 0.4417166030406952
Epoch 25 Train Loss(Normalized): 0.33754969129757006 Validation Loss(Normalized): 0.45065621137619016
Epoch 26 Train Loss(Normalized): 0.33747000992298126 Validation Loss(Normalized): 0.44141597628593443
Epoch 27 Train Loss(Normalized): 0.3360949189079051 Validation Loss(Normalized): 0.43798736333847044
Epoch 28 Train Loss(Normalized): 0.3346974016452322 Validation Loss(Normalized): 0.4386142802238464
Epoch 29 Train Loss(Normalized): 0.3335567867877532 Validation Loss(Normalized): 0.44107147574424743
Predicted wrong as 1 the ['<SOR>', 'really', 'learned', 'movie', 'renting', '.', 'one', 'movies', 'keep', 'watching', 'figuring', "'s", 'got', 'get', 'better', '.', ',', 'ends', ',', 'feel', 'stupid', 'wasted', 'precious', 'time', 'life', 'never', 'get', 'back', '.', 'ice-t', 'bad', 'guy', 'thing', ',', 'well', ',', 'highlight', 'evening', '.', 'pictures', 'shuttle', 'looks', 'like', 'done', 'little', 'toy', 'inside', 'box', 'spacewalking', 'scenes', 'funny', 'could', 'see', 'strings', 'attached', 'space', 'suits', '.', 'script', 'lacking', 'car', 'chase', 'scene', 'guy', 'bleeding', 'going', 'unconscious', 'incredible', 'drove', 'better', 'could', 'one', 'best', 'days', '.', ',', 'seen', 'worse', 'sure', "n't", 'one', "'d", 'recommend', 'want', 'remember', '.', '<EOR>']
Predicted wrong as 1 the ['<SOR>', 'mates', 'suggest', 'check', 'rise', 'footsoldier', ',', 'eventually', 'got', 'round', 'last', 'night', '.', 'undoubtedly', 'story', 'colton', 'leach', 'tell', '(', 'autobiography', ')', 'compelling', 'tale', 'one', 'mans', 'ascent', 'terrace', 'boot', 'boy', 'connected', 'underworld', 'villain', '.', 'film', 'sadly', 'compromised', 'quality', 'miscasts', ',', 'appalling', 'accents', 'woeful', 'acting.ricci', 'harnett', 'lead', 'role', 'leach', 'reasonable', 'job', 'conveying', 'transition', 'thuggery', 'serious', 'criminal', 'accent', 'place', '.', 'voice', 'provides', 'stories', 'narration', 'something', 'ten', 'minutes', 'driving', 'nuts', '.', 'terry', 'stone', 'tony', 'tucker', 'provided', 'unintentional', 'comedy', 'ill', 'fitting', 'wig', '(', 'worst', 'barnett', 'going', ')', 'dialogue', 'expletive', 'riddled', 'bordered', 'juvenile', 'top', 'vehemence', 'line', 'delivery', 'reducing', 'tucker', 'parody.what', 'troubled', 'film', 'events', 'leading', 'shooting', 'rettenden', ',', 'essex', 'formative', 'years', 'leach', 'genuine', 'interest', 'crime', 'fans', 'fans', 'football', 'hooliganism', ',', 'story', 'sabotaged', 'lack', 'credible', 'accents', 'acting', 'left', 'feeling', 'opportunity', 'missed', '.', 'roland', 'manookian', 'frank', 'harper', 'provide', 'films', 'source', 'authenticity', '.', 'positive', 'side', 'films', 'pacing', 'construct', 'flowed', 'well', 'kept', 'attention', '.', 'violence', 'well', 'choreographed', 'aside', 'reliance', 'projectile', 'red', 'syrup', 'blood', 'spatterings', 'whole', 'realistic', '.', 'enjoyed', 'film', 'worth', 'checking', 'essex', 'boys', 'telling', 'similar', 'tale', 'fictionalised', 'viewpoint', 'also', 'featuring', 'billy', 'murray', '.', '<EOR>']
Predicted wrong as 1 the ['<SOR>', 'film', 'gives', 'look', 'suffering', 'family', 'experiences', 'death', 'child', ',', 'healing', 'finally', 'come', 'them.', '<', 'br', '/', '>', '<', 'br', '/', '>', 'family', 'learns', 'death', 'son', 'christmas', 'eve', ',', '1991', ',', 'ruining', 'christmas', 'season', '.', 'celebrate', 'many', 'years', '.', 'interesting', 'comment', 'daughter', 'remind', 'viewers', 'consider', 'needs', 'surviving', 'children', 'situation.', '<', 'br', '/', '>', '<', 'br', '/', '>', 'matthew', 'character', 'makes', 'reference', 'jesus', ',', 'suspect', 'comments', 'makes', 'come', 'non-christian', 'sources', '.', 'wonder', 'viewers', 'would', 'recognize', 'comments', '.', ',', 'would', 'interesting', 'addition', 'data', 'movie', '.', '<EOR>']
Predicted wrong as 0 the ['<SOR>', '``', 'sleeper', "''", 'sure', '!', '!', 'much', 'better', 'thought', '!', 'never', 'realizing', 'horror', 'flick', '.....', 'gorgeous', ',', 'baritoned', 'voiced', 'hunk', ',', 'named', 'vin', 'diesel', '..', 'adding', 'spice', 'intrigue', 'otherwise', 'unpromoted', 'film', '?', '?', '?', 'monsters', 'film', 'quite', 'unusual', ',', 'ol', 'run', 'mill', 'gobble-you-up', 'types', '!', '!', 'ending', 'great', ',', ',', 'change', ',', '``', 'bad', 'guys', 'bad', "''", '!', '!', '!', 'give', '2', 'thumbs', '!', '!', '!', '<EOR>']
Predicted wrong as 1 the ['<SOR>', 'turned', 'within', 'first', 'five', 'minutes', '.', "'s", 'sick', 'disturbing', ',', 'moment', 'turned', 'beautiful', 'white', 'horse', 'let', 'slaughterhouse', "'s", 'skull', 'punctured', 'small', 'tubed', 'instrument', '.', 'creature', 'lying', 'floor', 'state', 'shock', 'died', '.', 'narrator', 'said', 'animal', 'dies', 'instantaneously', ',', "n't", '.', "n't", 'agree', 'graphic', 'realism', 'towards', 'animals', ',', 'insects', 'living', 'creature', '.', 'disappointed', 'watched', "'eyes", 'without', 'face', "'", 'brilliant', 'movie', 'short', 'film', 'attached', ',', 'spoilt', 'night', '-', 'could', "n't", 'hurt', 'fly', ',', 'never', 'mind', 'watching', 'savage', 'documentary.', '<', 'br', '/', '>', '<', 'br', '/', '>', 'reading', 'reviews', 'page', ',', 'noticed', 'used', 'words', 'aesthetic', '-', 'art', 'beauty', '.', 'imagine', 'documentary', 'would', 'articulate', 'profound', 'aesthetic', '.', '<EOR>']
Predicted wrong as 0 the ['<SOR>', 'fairly', 'interesting', 'look', 'characters', 'india', "'s", 'burgeoning', 'middle', 'class', '.', 'although', 'india', 'rapidly', 'modernizing', ',', 'culture', 'keeping', '.', 'film', 'involves', 'patriarchal', 'society', ',', 'women', 'yet', 'truly', 'free', 'citizens', '.', 'land', 'arranged', 'marriages', ',', 'men', 'dally', 'mistresses', 'total', 'impunity', ',', 'women', 'expected', 'tolerate', ',', 'eventually', 'come', 'short', '.', 'impressed', 'nandita', 'das', ',', 'quite', 'attractive', ',', 'played', 'character', 'total', 'earnestness', '.', 'even', 'impressed', 'shabana', 'azmi', ',', 'understand', 'long-time', 'fixture', 'bollywood', '.', 'quiet', 'beauty', 'low-key', 'psychic', 'suffering', 'excellent', '.', 'lesbian', 'subtext', 'film', 'never', 'particularly', 'erotic', ',', 'never', 'titillating', '.', '(', 'darn', '!', ')', 'worth', 'look', 'interested', 'vastly', 'different', 'cultures', '.', '<EOR>']
Predicted wrong as 1 the ['<SOR>', 'film', 'fails', 'many', 'many', 'levels', '.', 'script', 'first', 'failing', ',', 'understand', ',', 'script', 'stinks', ',', "'s", 'nothing', 'fix', '.', 'plot', 'boring', ',', 'first', '45', 'minutes', ',', "'m", 'looking', 'counter', 'dvd', 'saying', ',', '``', 'much', 'longer', '?', "''", 'cinematography', 'pretty', 'awful', '.', "'m", 'sure', 'bad', 'transfer', 'dvd', ',', 'looked', 'like', 'vhs', 'copy', '.', 'also', ',', 'sound', 'bad', '.', 'realize', "n't", 'going', 'get', 'remixed', '5.1', ',', 'yikes', ',', "n't", 'even', 'sound', 'like', 'dolby', 'stereo', 'around', 'almost', 'decade', 'cut', 'film.', '<', 'br', '/', '>', '<', 'br', '/', '>', 'slipstream', 'far', 'similar', 'mad', 'max', 'blade', 'runner', 'comfort', '.', 'lack', 'decent', 'special', 'effects', 'high', 'quality', 'dialog', ',', 'extremely', 'disappointing', '.', 'recall', ',', 'pointer', 'scene', 'took', 'place', 'last', '20', 'minutes', ',', 'usually', 'take', 'place', 'first', '20.', 'people', 'totally', 'confused', 'heck', 'going', 'final', '20', 'minutes.', '<', 'br', '/', '>', '<', 'br', '/', '>', 'film', "'s", 'music', 'excellent', 'parts', ',', 'completely', 'inappropriate', 'others', '.', 'elmer', 'bernstien', 'scoring', ',', 'sounds', 'like', 'someone', 'else', 'hand', 'sticking', "'other", "'", 'stuff', 'elsewhere', "n't", 'match', 'overall', 'good', 'orchestral', 'score', '(', 'synthesizer', 'music', '.', ')', '<', 'br', '/', '>', '<', 'br', '/', '>', 'great', 'actors', 'cast', ',', 'bob', 'peck', ',', 'mark', 'hamill', ',', 'ben', 'kingsley', ',', 'bill', 'paxton', '.', 'great', 'job', 'breathing', 'little', 'available', 'life', 'characters', '.', '(', 'well', ',', 'paxton', "'s", 'character', 'pretty', 'stupid', ',', 'whole', 'movie', 'centered', '.', "'m", 'sure', 'heroic', 'stooge', 'good', 'choice', 'main', 'character', 'carries', 'film', '.', ')', ',', 'major', 'flaw', 'script.', '<', 'br', '/', '>', '<', 'br', '/', '>', 'thank', 'goodness', 'watched', 'mail', 'order', 'dvd', 'service', ',', 'theater', '.', 'overall', 'major', 'disappointment', 'sci-fi', 'fans', ',', 'fans', 'paxton', ',', 'hamill', '.', '90', 'minutes', 'life', ',', "'ll", 'never', 'get', 'back', '.', '<EOR>']
Predicted wrong as 1 the ['<SOR>', 'quite', 'impressed', 'movie', 'child', 'eight', 'nine', '.', 'gangsters', 'seemed', 'real', 'threatening', ',', 'could', 'see', 'people', 'would', 'afraid', 'someone', 'like', 'dillinger', '.', 'seeing', 'adult', ',', 'seemed', 'almost', 'comical', ',', 'owing', 'overdone', 'narration', 'jarring', 'details', 'like', 'thirties', 'gangsters', 'driving', 'cars', 'looked', 'like', 'fifties', '.', 'certain', 'gritty', ',', 'unglamorous', 'reality', 'way', 'criminals', 'portrayed', ',', 'overall', 'effect', 'like', 'bad', 'soap', 'opera', '.', 'memorable', 'unintentionally', 'funny', 'bit', 'sticks', 'scene', 'barker', 'sons', 'shooting', 'fbi', 'sons', 'killed', '.', 'narrator', 'says', 'something', 'like', '``', 'perhaps', 'moment', ',', 'time', 'life', ',', 'barker', 'became', 'real', 'mother', "''", '.', 'meant', 'moment', 'great', 'tragedy', 'pathos', ',', 'finally', 'realizes', "'s", 'destroyed', 'family', 'greed', ',', 'instead', ',', 'provokes', 'laughter', '.', 'odd', 'film', 'rarely', 'shown', 'anywhere', 'days', '.', 'gangster', 'movie', 'buffs', 'might', 'enjoy', ',', 'curiosity', 'real', 'movie', '.', '<EOR>']
Predicted wrong as 0 the ['<SOR>', 'huge', 'die-hard', 'monkey', 'island', 'fan', ',', 'fugured', 'one', 'would', 'terrible', 'since', 'ron', 'gilbert', "n't", 'make', '.', 'boy', 'surprised', '!', 'although', "'s", 'still', 'good', 'first', 'two', ',', 'comedy', 'wanted', '.', 'little', 'nervous', 'new', 'graphics', ',', 'new', 'scumm', 'engine', ',', 'fact', 'cd', '.', 'came', 'together', ',', 'interesting', 'finally', 'hear', 'voices', 'favorite', 'characters', '.', 'especially', 'enjoyed', 'sword', 'fighting', 'returned', '.', 'whole', 'story', 'finding', 'big', 'uncursed', 'ring', 'incredible', '.', 'go', 'ahead', 'try', 'two-cd', 'adventure', '.', 'rejoice', ',', 'monkey', 'island', '4', ':', 'escape', 'monkey', 'island', 'coming', 'really', 'really', 'soon', '!', 'fall', '!', '<EOR>']
Predicted wrong as 0 the ['<SOR>', 'sisters', 'cousin', '(', 'female', ')', 'forced', 'see', 'chick', 'movie', '.', 'kind', 'movie', 'would', 'prefer', 'see', ',', 'really', "n't", 'bad', '.', 'would', "n't", 'want', 'see', 'movie', ',', 'watching', 'could', "n't", 'say', 'bad', ',', 'kind', 'film', '.', 'accurate', 'acting', 'woman', 'really', 'talk', 'certain', 'situations', '.', 'guy', ',', "n't", 'amused', 'jokes', ',', 'man', 'women', 'sure', '.', 'related', 'movie', 'yeah', 'funny', 'see', 'big', 'screen', '.', '``', 'oh', 'em', 'gee', 'haha', "''", "'ve", 'never', 'seen', 'original', ',', 'would', 'care', '.', 'girl', ',', 'must', 'see', ',', 'maybe', 'girls', 'would', 'say', 'movie', 'sucked', ',', 'probably', '.', "n't", 'see', '13', 'year', 'old', 'going', ',', '``', 'wow', 'remember', 'going', 'threw', '30', '.', '``', '<', 'br', '/', '>', '<', 'br', '/', '>', 'man', 'would', 'collection', ',', 'ca', "n't", 'say', 'horrible', ',', 'meh', '.', '<EOR>']
Accuracy on Train Set: 0.9778
F1 on Train Set: 0.9778026636803584
Accuracy on Test Set: 0.86416
F1 on Test Set: 0.8640367266321465
[[8110 1265]
 [1282 8093]]

[0, 0, 1, 1, 0]
