Read /train/neg
Read /train/pos
Read /test/neg
Read /test/pos
Train instance num: 25000
Epoch 0 Train Loss(Normalized): 0.6648442903343512 Validation Loss(Normalized): 0.6855871772766113
Epoch 1 Train Loss(Normalized): 0.6581757293671978 Validation Loss(Normalized): 0.5619785785675049
Epoch 2 Train Loss(Normalized): 0.4992621425463229 Validation Loss(Normalized): 0.5355584609508515
Epoch 3 Train Loss(Normalized): 0.4419173665192662 Validation Loss(Normalized): 0.5063742744922638
Epoch 4 Train Loss(Normalized): 0.4132087981822539 Validation Loss(Normalized): 0.5043784332275391
Epoch 5 Train Loss(Normalized): 0.39133597788762076 Validation Loss(Normalized): 0.5040254461765289
Epoch 6 Train Loss(Normalized): 0.3852668775587666 Validation Loss(Normalized): 0.50909618973732
Epoch 7 Train Loss(Normalized): 0.3763090749176181 Validation Loss(Normalized): 0.5191976225376129
Epoch 8 Train Loss(Normalized): 0.36707668918736125 Validation Loss(Normalized): 0.5101101529598236
Epoch 9 Train Loss(Normalized): 0.363590269368522 Validation Loss(Normalized): 0.5156323480606079
Epoch 10 Train Loss(Normalized): 0.3598226427423711 Validation Loss(Normalized): 0.5223077654838562
Epoch 11 Train Loss(Normalized): 0.3601836489171398 Validation Loss(Normalized): 0.5293684351444244
Epoch 12 Train Loss(Normalized): 0.3543930169270963 Validation Loss(Normalized): 0.5076693165302276
Epoch 13 Train Loss(Normalized): 0.3542340720186428 Validation Loss(Normalized): 0.5109819614887238
Epoch 14 Train Loss(Normalized): 0.3582504382547067 Validation Loss(Normalized): 0.5258836579322815
Epoch 15 Train Loss(Normalized): 0.35277131655994726 Validation Loss(Normalized): 0.532153491973877
Epoch 16 Train Loss(Normalized): 0.3517635634967259 Validation Loss(Normalized): 0.5083383238315582
Epoch 17 Train Loss(Normalized): 0.35002224755530453 Validation Loss(Normalized): 0.5145516049861908
Epoch 18 Train Loss(Normalized): 0.3489949894802911 Validation Loss(Normalized): 0.521121416091919
Epoch 19 Train Loss(Normalized): 0.34797059425285887 Validation Loss(Normalized): 0.5205140697956085
Epoch 20 Train Loss(Normalized): 0.3454697703828617 Validation Loss(Normalized): 0.525517657995224
Epoch 21 Train Loss(Normalized): 0.3454530053600973 Validation Loss(Normalized): 0.5197406458854675
Epoch 22 Train Loss(Normalized): 0.3450048456386644 Validation Loss(Normalized): 0.5160283017158508
Epoch 23 Train Loss(Normalized): 0.34528553820386226 Validation Loss(Normalized): 0.5188266980648041
Epoch 24 Train Loss(Normalized): 0.34460001697345655 Validation Loss(Normalized): 0.5251393949985504
Epoch 25 Train Loss(Normalized): 0.3467459894564687 Validation Loss(Normalized): 0.5371314239501953
Epoch 26 Train Loss(Normalized): 0.3460134869935561 Validation Loss(Normalized): 0.5211519813537597
Epoch 27 Train Loss(Normalized): 0.34498642810753416 Validation Loss(Normalized): 0.5243189811706543
Epoch 28 Train Loss(Normalized): 0.34522406604825234 Validation Loss(Normalized): 0.5221877217292785
Epoch 29 Train Loss(Normalized): 0.34334741107055117 Validation Loss(Normalized): 0.5313021445274353
Predicted wrong as 0 the ['<SOR>', 'never', 'heard', 'film', 'prior', 'coming', 'across', 'perusing', 'shelves', 'local', 'rental', 'store', '.', 'watched', 'latest', 'harry', 'potter', 'installment', ',', 'intrigued', 'rupert', 'grint', 'wanted', 'see', 'work', '.', 'reading', 'description', 'back', '``', 'overzealous', ',', 'evangelical', 'christian', 'do-gooder', ',', "''", 'identifying', 'evangelical', 'christian', ',', ',', 'thought', ',', '``', 'oooh', 'interesting', '.', "''", '.', 'found', 'mr.', 'brock', "'s", 'story', 'beautiful', 'words', 'images', ';', 'sadly', 'enough', ',', 'familiar', '.', 'contrast', 'drew', 'ben', "'s", 'parent', "'s", 'interpretations', 'means', 'christian', 'poignant', 'commentary', 'christians', 'view', 'impact', 'perception', 'around', '.', 'one', 'hand', ',', 'ben', "'s", 'mom', 'stating', ',', '``', 'whatever', 'happens', 'behind', 'walls', ',', 'ben', ',', "'re", 'god', "'s", 'ambassadors', '.', 'show', 'world', 'smiling', 'face', '.', "''", 'hand', 'ben', "'s", 'dad', 'discussing', 'truth', 'sermon', 'beginning', 'film', '.', 'end', 'monologue', ',', 'states', ',', '``', 'person', 'parades', '<EOR>']
Predicted wrong as 1 the ['<SOR>', 'one', 'favorite', '``', 'bum', "''", 'actors', ',', 'c.', 'tom', 'howell', ',', 'stars', 'tepid', 'remake', 'wotw', '.', 'runs', 'around', 'lot', ',', 'cgi-generated', 'spider-like', 'machine', 'goes', 'around', 'killing', 'everyone', '.', 'budget', 'one', 'obviously', 'pretty', 'low', '.', 'also', 'one', 'asylum', 'productions', '.', 'seen', '?', 'yikes', '!', 'sure', 'anyone', 'would', 'made', 'big-budget', 'spielberg', 'version', 'slaying', 'box', 'office', '.', 'truth', 'told', ',', 'neither', 'version', 'hot', '.', 'george', 'pal', 'version', '1950s', 'remains', 'best', 'representation', 'h.g', '.', 'wells', 'novel', ',', 'primitive', 'special', 'effects', '.', 'perhaps', 'gene', 'barry', 'much', 'convincing', 'lead', 'howell', 'tom', 'cruise', '.', '<EOR>']
Predicted wrong as 0 the ['<SOR>', 'must', 'dumbest', 'movie', "'ve", 'ever', 'seen', 'therefor', 'deserves', 'special', 'award', '.', 'ok', ',', 'begins', 'pretty', 'good', ',', 'logical', ',', 'humor', 'rapidly', 'changes', 'complete', 'utter', 'uh', 'f', '@', 'rt', ',', '@', 'ss', ',', 'föck', 'stupidity', 'makes', 'total', 'sense', '.', 'strange', 'thing', 'hardly', 'laughed', ',', 'though', 'guess', 'supposed', 'funny', ',', 'serious', 'message', '.', 'moment', 'thought', "n't", 'laugh', ',', 'answer', 'pretty', 'clear', '...', 'movie', 'lot', 'realistic', 'would', 'like', '.', 'extremely', 'dumb', ',', 'yet', 'wise', 'object', 'reach', 'people', "n't", "'blessed", "'", 'whole', 'lot', 'neurons', 'synapses', 'electrolytes', '(', 'huh', ',', 'electrolytes', '?', ')', '.', 'movie', 'might', 'actually', 'understood', 'level', 'big', 'audience', '!', '<', 'br', '/', '>', '<', 'br', '/', '>', 'although', 'probably', 'laugh.', '<', 'br', '/', '>', '<', 'br', '/', '>', 'ah', 'well', ',', 'nice', 'try', '...', '<', 'br', '/', '<EOR>']
Predicted wrong as 0 the ['<SOR>', 'remember', 'film', 'person', 'commented', 'said', '.', 'recorded', 'wish', 'one', 'worst', 'movies', 'ever', '.', 'funny', ',', 'real', 'bad', 'way', '.', 'remember', 'tag', 'line', 'box', '``', 'ultimate', 'frontal', 'lobotomy', "''", '.', 'got', 'mom', ',', 'got', 'friend', 'work', 'said', 'worst', '/', 'cheesiest', 'movie', 'ever', 'seen', ',', 'mom', 'said', '``', 'son', 'probably', 'love', '.', "''", 'woman', 'gave', 'get', 'possession', '.', 'later', 'taped', ',', 'regret', '.', 'also', 'remember', '``', 'corck', 'screw', "''", 'thing', 'one', 'ball', 'catcher', 'things', '....', 'yellow', 'cone', 'shaped', 'things', ',', 'red', '``', 'button', "''", 'end', ',', 'hit', 'red', 'thing', ',', 'sends', 'ball', 'flying', '.', 'well', ',', 'used', 'crank', 'one', 'end', ',', 'corkscrew', 'funnel', '.', 'killer', 'killed', 'would', 'show', 'coming', 'forward', '``', 'weapon', "''", 'cut', 'close', 'appeared', 'raw', 'chicken', 'fake', 'blood', 'victims', 'head', '.', "n't", 'know', 'else', 'say', '<EOR>']
Predicted wrong as 1 the ['<SOR>', 'gone', 'wonderful', 'campiness', 'original', '.', 'place', 'c-grade', 'action', 'no-brainer', ',', 'wich', 'bad', ',', 'pales', 'comparison', 'original', '.', 'meaningless', 'sex', 'violence', 'gone', ',', 'replaced', 'crappy', 'jokes', 'unexplained', 'plot', 'pointers', '.', 'see', ',', "n't", 'expect', 'thrills', 'first', '.', '<EOR>']
Predicted wrong as 0 the ['<SOR>', 'film', ',', 'two', 'characters', ',', 'takes', 'closer', 'two', 'people', ',', 'interrogator', 'prisoner', ',', 'films', 'take', 'character', ',', 'however', 'well-crafted.', '<', 'br', '/', '>', '<', 'br', '/', '>', 'sheer', 'confusion', ',', 'terror', 'pain', 'madeleine', 'stowe', "'s", 'character', 'undergoes', 'deeply', 'disturbing', ',', 'alan', 'rickman', "'s", 'sadistic', 'yet', 'charming', 'interrogator.', '<', 'br', '/', '>', '<', 'br', '/', '>', 'film', 'possible', ',', 'builds', 'shocking', 'climax', ',', 'effect', 'film', 'whole', 'leaving', 'sitting', 'silence', 'end', '.', "'ll", 'haunt', 'long', 'time', '.', '<EOR>']
Predicted wrong as 0 the ['<SOR>', 'nurse', 'charlotte', 'beale', '(', 'lovely', 'rosie', 'holotik', ')', 'arrived', 'dr.', 'stephens', "'", 'clinic', 'insane', 'prepared', 'new', 'job', '.', "n't", 'expect', 'find', 'another', 'supposed', 'doctor', 'position', 'stephens', 'attacked', 'axe-wielding', 'maniacal', '``', 'judge', "''", 'oliver', 'w', 'cameron', '(', '..', 'running', 'gag', ',', 'anytime', 'confronts', 'situation', 'control', ',', 'retreats', 'repeating', 'name', ')', '.', 'doctor', 'geraldine', 'masters', '(', 'annabelle', 'weenick', ')', "n't", 'sure', 'whether', 'beale', 'proper', 'fit', 'establishment', '.', 'long', 'discussion', 'position', '(', 'quite', 'awkward', 'scene', 'two', 'debate', 'beale', "'s", 'sent', 'letter', 'stephens', 'getting', 'job', 'clinic', 'masters', 'often', 'reminding', 'longer', 'charge', ')', 'masters', 'agrees', 'let', 'work', 'nursing', 'position', ',', 'good', 'doctor', 'may', 'seems', '..', '<', 'br', '/', '>', '<', 'br', '/', '>', 'assortment', 'loonies', 'includes', 'sam', '(', 'bill', 'mcgee', ')', 'simple-minded', 'child-man', 'stephens', "'", 'last', 'victim', 'lobotomy', ',', 'jennifer', '<EOR>']
Predicted wrong as 0 the ['<SOR>', 'crack', 'house', '(', '1989', ')', 'one', 'film', '80', "'s", 'falls', 'genre', '.', "'s", 'supposed', 'anti-drug', 'film', 'turns', 'nothing', 'white-exploitation', 'exercise', 'depravity', '.', "'s", 'nothing', 'wrong', 'however', '.', 'video', 'presentation', 'even', 'anti-drug', 'message', 'one', 'stars', 'show', 'richard', '``', 'turncoat', "''", 'roundtree', ',', '<', 'br', '/', '>', '<', 'br', '/', '>', 'movie', 'follows', 'two', 'young', 'lovers', 'high', 'school', '.', 'one', 'quasi', 'tough', 'guy', 'girl', '.', 'one', 'get', "'s", 'turned', 'mutual', 'friend', 'whilst', 'given', 'trip', 'slam', 'later', 'given', 'chance', 'get', 'back', 'ex-friends', '.', 'jim', 'brown', 'appears', 'movie', "'s", '``', 'mister', 'big', "''", ',', "'s", 'one', 'bad', 'dude', 'still', 'punk-out', 'anybody', 'sadistic', 'guy', 'likes', 'smack', 'hoes', 'beat', 'tar', 'try', 'defy', 'word', '.', 'luke', 'general', 'hospital', 'makes', 'guest', 'star', 'spot', 'well.', '<', 'br', '/', '>', '<', 'br', '/', '>', 'like', '<EOR>']
Predicted wrong as 1 the ['<SOR>', 'bought', 'dvd', 'part', 'set', '50', '``', 'historic', 'classics', '.', "''", "'s", 'hardly', 'classic', ',', 'plot', 'updated', 'time', 'release', ',', 'historic', 'either', '.', 'actual', 'title', 'dvd', '``', 'indecent', ',', "''", 'additionally', 'subtitled', '``', 'private', 'life', 'becky', 'sharp', '.', "''", 'myrna', 'loy', 'convincing', ',', 'although', 'defense', 'saddled', 'awful', 'script', 'trite', 'dialogue', '.', 'many', 'early', 'talkies', ',', 'especially', 'ones', 'made', 'smaller', 'studios', ',', 'little', 'skill', 'demonstrated', 'cast', 'crew', '.', 'loy', 'wear', 'gowns', 'quite', 'stylish', ',', 'costumes', 'make-up', 'later', 'scenes', 'overdone', '.', 'one', 'saving', 'grace', 'tolerable', 'performance', 'billy', 'bevan', ',', 'plays', 'one', 'many', 'suitors', '<EOR>']
Predicted wrong as 1 the ['<SOR>', 'remember', 'seeing', 'film', '10', ',', 'one', 'friends', '.', 'time', 'film', '10ish', 'thought', 'another', 'action', 'film.', '<', 'br', '/', '>', '<', 'br', '/', '>', 'look', 'back', 'complete', 'film', 'buff', 'quite', 'shockingly', 'bad', 'film', '.', 'whoever', 'produced', 'film', 'sure', 'short', 'hollywood', 'career', '.', 'although', 'lead', 'actor', 'seems', 'done', 'films', 'according', 'imdb', ',', 'albeit', "n't", 'seen', "n't", 'really', 'remember', 'much.', '<', 'br', '/', '>', '<', 'br', '/', '>', 'anyway', ',', 'say', 'film', 'really', 'bad', ',', 'ways', 'could', '.', 'would', 'love', 'see', 'though', ':', 'od', '<EOR>']
Predicted wrong as 0 the ['<SOR>', 'sisters', 'cousin', '(', 'female', ')', 'forced', 'see', 'chick', 'movie', '.', 'kind', 'movie', 'would', 'prefer', 'see', ',', 'really', "n't", 'bad', '.', 'would', "n't", 'want', 'see', 'movie', ',', 'watching', 'could', "n't", 'say', 'bad', ',', 'kind', 'film', '.', 'accurate', 'acting', 'woman', 'really', 'talk', 'certain', 'situations', '.', 'guy', ',', "n't", 'amused', 'jokes', ',', 'man', 'women', 'sure', '.', 'related', 'movie', 'yeah', 'funny', 'see', 'big', 'screen', '.', '``', 'oh', 'em', 'gee', 'haha', "''", "'ve", 'never', 'seen', 'original', ',', 'would', 'care', '.', 'girl', ',', 'must', 'see', ',', 'maybe', 'girls', 'would', 'say', 'movie', 'sucked', ',', 'probably', '.', "n't", 'see', '13', 'year', 'old', 'going', ',', '``', 'wow', 'remember', 'going', 'threw', '30', '.', '``', '<', 'br', '/', '>', '<', 'br', '/', '>', 'man', 'would', 'collection', ',', 'ca', "n't", 'say', 'horrible', ',', 'meh', '.', '<EOR>']
Predicted wrong as 0 the ['<SOR>', 'usually', 'give', 'horror', 'films', 'around', '6/10', ',', 'one', 'caught', 'eye', '.', 'house', 'wax', 'far', 'best', 'horror', 'film', 'seen', '...', 'even', 'better', 'amityville', 'horror.', '<', 'br', '/', '>', '<', 'br', '/', '>', 'paris', 'hilton', 'quite', 'good', 'must', 'say', ',', 'good', 'future', 'ahead', '.', 'death', 'scene', 'probably', 'coolest', '.', "'ll", 'say', 'dies', '...', '<', 'br', '/', '>', '<', 'br', '/', '>', 'gets', 'giant', 'pole', 'right', 'eyes', 'close-ups', 'everything', '.', 'gory', ',', 'eh', '?', 'brian', 'van', 'holt', 'good', 'killers', ',', 'bo', 'vincent', '(', 'vincent', 'long', 'hair', ')', '.', 'usually', 'plays', 'mean', 'cop', 'soldier', ',', 'well', 'this.', '<', 'br', '/', '>', '<', 'br', '/', '>', 'eliza', 'cuthbert', 'chad', 'michael', 'murray', 'also', 'acted', 'well', 'carly', 'nick', 'jones', '.', 'nick', 'took', 'spotlight', 'first', 'half', 'movie', ',', 'eliza', 'stole', 'back', 'enduring', 'lot', '<EOR>']
Predicted wrong as 0 the ['<SOR>', 'story', 'takes', 'place', 'rural', 'germany', 'eve', 'second', 'world', 'war', ',', 'unique', 'setting', ',', 'couple', 'british', 'agents', 'held', 'germans', 'farm', 'house', '.', 'since', "n't", 'technically', 'war', 'yet', ',', 'seems', 'sides', 'must', 'realized', 'coming', '.', 'agents', '(', 'bruce', 'lester', 'ray', 'milland', ')', 'escape', 'countryside', 'split', '.', 'milland', 'happens', 'upon', 'gypsy', 'woman', 'marlene', 'dietrich', 'one', 'evening', "'s", 'alone', 'camp', 'preparing', 'dinner', '.', 'encounter', 'amazing', 'captivating', 'scene', ',', 'much', 'milland', 'dietrich', ',', 'takes', 'sexy', 'sultriness', 'whole', 'new', 'plane', '.', 'milland', 'disguises', 'gypsy', 'order', 'hide', 'germans', ',', 'remains', 'committed', 'mission', ',', 'locating', 'scientist', 'knows', 'formula', 'new', 'poison', 'gas', 'also', "n't", 'committed', 'nazi', '.', 'hollywood', 'take', 'gypsy', 'life', 'customs', 'predictably', 'portrayed', ',', 'underlying', 'knowledge', 'would', 'one', 'targets', 'extermination', 'nazis', 'adds', 'certain', 'tension', '.', 'film', 'straddles', 'line', 'serious', 'story', 'poison', 'gas', 'urgent', '<EOR>']
Predicted wrong as 1 the ['<SOR>', 'movie', 'pretentious', ',', 'foppish', 'right', 'funny', '.', 'filming', 'technique', 'reminded', 'mtv', '.', 'fan', 'hartley', '.', 'thinking', '?', 'much', 'thought', 'could', 'gone', 'movie', ',', 'considering', 'subject', 'matter', '.', 'could', 'true', 'theoretical', 'battle', 'good', 'evil', ',', 'hartley', ',', 'appears', 'used', 'stand', 'technique', 'psyching', 'viewer', '.', '<EOR>']
Accuracy on Train Set: 0.91932
F1 on Train Set: 0.9216181556755917
Accuracy on Test Set: 0.8061333333333334
F1 on Test Set: 0.8037362993358891
[[7672 1703]
 [1932 7443]]

[0, 1, 0, 1, 0]
